<?xml version="1.0" encoding="UTF-8"?>
<testsuite name="moee.henaknowledge.CreateStudentControllerTest" tests="1" skipped="0" failures="0" errors="0" timestamp="2021-06-20T12:16:26" hostname="LAPTOP-9TPVAL4B" time="0.004">
  <properties/>
  <testcase name="contextLoads()" classname="moee.henaknowledge.CreateStudentControllerTest" time="0.004"/>
  <system-out><![CDATA[2021-06-20 14:16:26.400  INFO 17432 --- [    Test worker] .b.t.c.SpringBootTestContextBootstrapper : Neither @ContextConfiguration nor @ContextHierarchy found for test class [moee.henaknowledge.CreateStudentControllerTest], using SpringBootContextLoader
2021-06-20 14:16:26.401  INFO 17432 --- [    Test worker] o.s.t.c.support.AbstractContextLoader    : Could not detect default resource locations for test class [moee.henaknowledge.CreateStudentControllerTest]: no resource found for suffixes {-context.xml, Context.groovy}.
2021-06-20 14:16:26.401  INFO 17432 --- [    Test worker] t.c.s.AnnotationConfigContextLoaderUtils : Could not detect default configuration classes for test class [moee.henaknowledge.CreateStudentControllerTest]: CreateStudentControllerTest does not declare any static, non-private, non-final, nested classes annotated with @Configuration.
2021-06-20 14:16:26.403  INFO 17432 --- [    Test worker] .b.t.c.SpringBootTestContextBootstrapper : Found @SpringBootConfiguration moee.henaknowledge.HenaknowledgeApplication for test class moee.henaknowledge.CreateStudentControllerTest
2021-06-20 14:16:26.405  INFO 17432 --- [    Test worker] .b.t.c.SpringBootTestContextBootstrapper : Loaded default TestExecutionListener class names from location [META-INF/spring.factories]: [org.springframework.security.test.context.support.WithSecurityContextTestExecutionListener, org.springframework.security.test.context.support.ReactorContextTestExecutionListener, org.springframework.boot.test.autoconfigure.restdocs.RestDocsTestExecutionListener, org.springframework.boot.test.autoconfigure.web.client.MockRestServiceServerResetTestExecutionListener, org.springframework.boot.test.autoconfigure.web.servlet.MockMvcPrintOnlyOnFailureTestExecutionListener, org.springframework.boot.test.autoconfigure.web.servlet.WebDriverTestExecutionListener, org.springframework.boot.test.autoconfigure.webservices.client.MockWebServiceServerTestExecutionListener, org.springframework.boot.test.mock.mockito.MockitoTestExecutionListener, org.springframework.boot.test.mock.mockito.ResetMocksTestExecutionListener, org.springframework.test.context.web.ServletTestExecutionListener, org.springframework.test.context.support.DirtiesContextBeforeModesTestExecutionListener, org.springframework.test.context.event.ApplicationEventsTestExecutionListener, org.springframework.test.context.support.DependencyInjectionTestExecutionListener, org.springframework.test.context.support.DirtiesContextTestExecutionListener, org.springframework.test.context.transaction.TransactionalTestExecutionListener, org.springframework.test.context.jdbc.SqlScriptsTestExecutionListener, org.springframework.test.context.event.EventPublishingTestExecutionListener]
2021-06-20 14:16:26.406  INFO 17432 --- [    Test worker] .b.t.c.SpringBootTestContextBootstrapper : Using TestExecutionListeners: [org.springframework.test.context.web.ServletTestExecutionListener@1a6734c4, org.springframework.test.context.support.DirtiesContextBeforeModesTestExecutionListener@3ea72d46, org.springframework.test.context.event.ApplicationEventsTestExecutionListener@fa0c241, org.springframework.boot.test.mock.mockito.MockitoTestExecutionListener@3ff7886c, org.springframework.boot.test.autoconfigure.SpringBootDependencyInjectionTestExecutionListener@1c954a42, org.springframework.test.context.support.DirtiesContextTestExecutionListener@1bdf998b, org.springframework.test.context.transaction.TransactionalTestExecutionListener@12e4f27b, org.springframework.test.context.jdbc.SqlScriptsTestExecutionListener@1153aca3, org.springframework.security.test.context.support.WithSecurityContextTestExecutionListener@27223391, org.springframework.test.context.event.EventPublishingTestExecutionListener@4056f53f, org.springframework.security.test.context.support.ReactorContextTestExecutionListener@7514b064, org.springframework.boot.test.autoconfigure.restdocs.RestDocsTestExecutionListener@79ae2cd1, org.springframework.boot.test.autoconfigure.web.client.MockRestServiceServerResetTestExecutionListener@4fa626ce, org.springframework.boot.test.autoconfigure.web.servlet.MockMvcPrintOnlyOnFailureTestExecutionListener@382ecd08, org.springframework.boot.test.autoconfigure.web.servlet.WebDriverTestExecutionListener@68e9ddf9, org.springframework.boot.test.autoconfigure.webservices.client.MockWebServiceServerTestExecutionListener@6029ac91, org.springframework.boot.test.mock.mockito.ResetMocksTestExecutionListener@1e47760c]
]]></system-out>
  <system-err><![CDATA[]]></system-err>
</testsuite>
