<?xml version="1.0" encoding="UTF-8"?>
<testsuite name="moee.henaknowledge.module.ExperienceOpinionTest" tests="10" skipped="0" failures="0" errors="0" timestamp="2021-06-20T12:16:33" hostname="LAPTOP-9TPVAL4B" time="0.037">
  <properties/>
  <testcase name="setDislikes()" classname="moee.henaknowledge.module.ExperienceOpinionTest" time="0.002"/>
  <testcase name="setOpinionID()" classname="moee.henaknowledge.module.ExperienceOpinionTest" time="0.002"/>
  <testcase name="getDislikes()" classname="moee.henaknowledge.module.ExperienceOpinionTest" time="0.003"/>
  <testcase name="setPersonID()" classname="moee.henaknowledge.module.ExperienceOpinionTest" time="0.003"/>
  <testcase name="getPersonID()" classname="moee.henaknowledge.module.ExperienceOpinionTest" time="0.004"/>
  <testcase name="getOpinionID()" classname="moee.henaknowledge.module.ExperienceOpinionTest" time="0.003"/>
  <testcase name="getExperienceID()" classname="moee.henaknowledge.module.ExperienceOpinionTest" time="0.003"/>
  <testcase name="setLikes()" classname="moee.henaknowledge.module.ExperienceOpinionTest" time="0.003"/>
  <testcase name="setExperienceID()" classname="moee.henaknowledge.module.ExperienceOpinionTest" time="0.003"/>
  <testcase name="getLikes()" classname="moee.henaknowledge.module.ExperienceOpinionTest" time="0.003"/>
  <system-out><![CDATA[2021-06-20 14:16:33.033  INFO 17432 --- [    Test worker] .b.t.c.SpringBootTestContextBootstrapper : Neither @ContextConfiguration nor @ContextHierarchy found for test class [moee.henaknowledge.module.ExperienceOpinionTest], using SpringBootContextLoader
2021-06-20 14:16:33.034  INFO 17432 --- [    Test worker] o.s.t.c.support.AbstractContextLoader    : Could not detect default resource locations for test class [moee.henaknowledge.module.ExperienceOpinionTest]: no resource found for suffixes {-context.xml, Context.groovy}.
2021-06-20 14:16:33.034  INFO 17432 --- [    Test worker] t.c.s.AnnotationConfigContextLoaderUtils : Could not detect default configuration classes for test class [moee.henaknowledge.module.ExperienceOpinionTest]: ExperienceOpinionTest does not declare any static, non-private, non-final, nested classes annotated with @Configuration.
2021-06-20 14:16:33.035  INFO 17432 --- [    Test worker] .b.t.c.SpringBootTestContextBootstrapper : Found @SpringBootConfiguration moee.henaknowledge.HenaknowledgeApplication for test class moee.henaknowledge.module.ExperienceOpinionTest
2021-06-20 14:16:33.037  INFO 17432 --- [    Test worker] .b.t.c.SpringBootTestContextBootstrapper : Loaded default TestExecutionListener class names from location [META-INF/spring.factories]: [org.springframework.security.test.context.support.WithSecurityContextTestExecutionListener, org.springframework.security.test.context.support.ReactorContextTestExecutionListener, org.springframework.boot.test.autoconfigure.restdocs.RestDocsTestExecutionListener, org.springframework.boot.test.autoconfigure.web.client.MockRestServiceServerResetTestExecutionListener, org.springframework.boot.test.autoconfigure.web.servlet.MockMvcPrintOnlyOnFailureTestExecutionListener, org.springframework.boot.test.autoconfigure.web.servlet.WebDriverTestExecutionListener, org.springframework.boot.test.autoconfigure.webservices.client.MockWebServiceServerTestExecutionListener, org.springframework.boot.test.mock.mockito.MockitoTestExecutionListener, org.springframework.boot.test.mock.mockito.ResetMocksTestExecutionListener, org.springframework.test.context.web.ServletTestExecutionListener, org.springframework.test.context.support.DirtiesContextBeforeModesTestExecutionListener, org.springframework.test.context.event.ApplicationEventsTestExecutionListener, org.springframework.test.context.support.DependencyInjectionTestExecutionListener, org.springframework.test.context.support.DirtiesContextTestExecutionListener, org.springframework.test.context.transaction.TransactionalTestExecutionListener, org.springframework.test.context.jdbc.SqlScriptsTestExecutionListener, org.springframework.test.context.event.EventPublishingTestExecutionListener]
2021-06-20 14:16:33.038  INFO 17432 --- [    Test worker] .b.t.c.SpringBootTestContextBootstrapper : Using TestExecutionListeners: [org.springframework.test.context.web.ServletTestExecutionListener@35fd4145, org.springframework.test.context.support.DirtiesContextBeforeModesTestExecutionListener@64a5adf9, org.springframework.test.context.event.ApplicationEventsTestExecutionListener@19961926, org.springframework.boot.test.mock.mockito.MockitoTestExecutionListener@29052eb7, org.springframework.boot.test.autoconfigure.SpringBootDependencyInjectionTestExecutionListener@762da5bb, org.springframework.test.context.support.DirtiesContextTestExecutionListener@3f2e04e2, org.springframework.test.context.transaction.TransactionalTestExecutionListener@16586508, org.springframework.test.context.jdbc.SqlScriptsTestExecutionListener@16a891e2, org.springframework.security.test.context.support.WithSecurityContextTestExecutionListener@db3eef1, org.springframework.test.context.event.EventPublishingTestExecutionListener@4275f2b1, org.springframework.security.test.context.support.ReactorContextTestExecutionListener@1750bfd2, org.springframework.boot.test.autoconfigure.restdocs.RestDocsTestExecutionListener@45250b5b, org.springframework.boot.test.autoconfigure.web.client.MockRestServiceServerResetTestExecutionListener@5773b168, org.springframework.boot.test.autoconfigure.web.servlet.MockMvcPrintOnlyOnFailureTestExecutionListener@3afe214d, org.springframework.boot.test.autoconfigure.web.servlet.WebDriverTestExecutionListener@2842a7ef, org.springframework.boot.test.autoconfigure.webservices.client.MockWebServiceServerTestExecutionListener@45d00e6f, org.springframework.boot.test.mock.mockito.ResetMocksTestExecutionListener@fe21f4c]
]]></system-out>
  <system-err><![CDATA[]]></system-err>
</testsuite>
