<?xml version="1.0" encoding="UTF-8"?>
<testsuite name="moee.henaknowledge.service.TeacherServiceTest" tests="10" skipped="0" failures="0" errors="0" timestamp="2021-06-20T12:16:33" hostname="LAPTOP-9TPVAL4B" time="0.207">
  <properties/>
  <testcase name="getAllTeachers()" classname="moee.henaknowledge.service.TeacherServiceTest" time="0.034"/>
  <testcase name="deleteTeacher()" classname="moee.henaknowledge.service.TeacherServiceTest" time="0.005"/>
  <testcase name="getTeacherByPersonID()" classname="moee.henaknowledge.service.TeacherServiceTest" time="0.006"/>
  <testcase name="addTeacherFromBothJpaAndService()" classname="moee.henaknowledge.service.TeacherServiceTest" time="0.063"/>
  <testcase name="updatePoints()" classname="moee.henaknowledge.service.TeacherServiceTest" time="0.006"/>
  <testcase name="getTeacherByUsernameDoesNotExists()" classname="moee.henaknowledge.service.TeacherServiceTest" time="0.006"/>
  <testcase name="addTeacherOnlyInService()" classname="moee.henaknowledge.service.TeacherServiceTest" time="0.064"/>
  <testcase name="getTeacherByIDDoesNotExists()" classname="moee.henaknowledge.service.TeacherServiceTest" time="0.006"/>
  <testcase name="setTeacherInfoById()" classname="moee.henaknowledge.service.TeacherServiceTest" time="0.006"/>
  <testcase name="getTeacherByUsernameReturnedObject()" classname="moee.henaknowledge.service.TeacherServiceTest" time="0.005"/>
  <system-out><![CDATA[2021-06-20 14:16:33.830  INFO 17432 --- [    Test worker] .b.t.c.SpringBootTestContextBootstrapper : Neither @ContextConfiguration nor @ContextHierarchy found for test class [moee.henaknowledge.service.TeacherServiceTest], using SpringBootContextLoader
2021-06-20 14:16:33.831  INFO 17432 --- [    Test worker] o.s.t.c.support.AbstractContextLoader    : Could not detect default resource locations for test class [moee.henaknowledge.service.TeacherServiceTest]: no resource found for suffixes {-context.xml, Context.groovy}.
2021-06-20 14:16:33.831  INFO 17432 --- [    Test worker] t.c.s.AnnotationConfigContextLoaderUtils : Could not detect default configuration classes for test class [moee.henaknowledge.service.TeacherServiceTest]: TeacherServiceTest does not declare any static, non-private, non-final, nested classes annotated with @Configuration.
2021-06-20 14:16:33.833  INFO 17432 --- [    Test worker] .b.t.c.SpringBootTestContextBootstrapper : Found @SpringBootConfiguration moee.henaknowledge.HenaknowledgeApplication for test class moee.henaknowledge.service.TeacherServiceTest
2021-06-20 14:16:33.834  INFO 17432 --- [    Test worker] .b.t.c.SpringBootTestContextBootstrapper : Loaded default TestExecutionListener class names from location [META-INF/spring.factories]: [org.springframework.security.test.context.support.WithSecurityContextTestExecutionListener, org.springframework.security.test.context.support.ReactorContextTestExecutionListener, org.springframework.boot.test.autoconfigure.restdocs.RestDocsTestExecutionListener, org.springframework.boot.test.autoconfigure.web.client.MockRestServiceServerResetTestExecutionListener, org.springframework.boot.test.autoconfigure.web.servlet.MockMvcPrintOnlyOnFailureTestExecutionListener, org.springframework.boot.test.autoconfigure.web.servlet.WebDriverTestExecutionListener, org.springframework.boot.test.autoconfigure.webservices.client.MockWebServiceServerTestExecutionListener, org.springframework.boot.test.mock.mockito.MockitoTestExecutionListener, org.springframework.boot.test.mock.mockito.ResetMocksTestExecutionListener, org.springframework.test.context.web.ServletTestExecutionListener, org.springframework.test.context.support.DirtiesContextBeforeModesTestExecutionListener, org.springframework.test.context.event.ApplicationEventsTestExecutionListener, org.springframework.test.context.support.DependencyInjectionTestExecutionListener, org.springframework.test.context.support.DirtiesContextTestExecutionListener, org.springframework.test.context.transaction.TransactionalTestExecutionListener, org.springframework.test.context.jdbc.SqlScriptsTestExecutionListener, org.springframework.test.context.event.EventPublishingTestExecutionListener]
2021-06-20 14:16:33.835  INFO 17432 --- [    Test worker] .b.t.c.SpringBootTestContextBootstrapper : Using TestExecutionListeners: [org.springframework.test.context.web.ServletTestExecutionListener@3d4d83a4, org.springframework.test.context.support.DirtiesContextBeforeModesTestExecutionListener@39f69a1d, org.springframework.test.context.event.ApplicationEventsTestExecutionListener@459d1d5f, org.springframework.boot.test.mock.mockito.MockitoTestExecutionListener@1bdae31e, org.springframework.boot.test.autoconfigure.SpringBootDependencyInjectionTestExecutionListener@4adb0362, org.springframework.test.context.support.DirtiesContextTestExecutionListener@47f04e56, org.springframework.test.context.transaction.TransactionalTestExecutionListener@6aaac412, org.springframework.test.context.jdbc.SqlScriptsTestExecutionListener@2624084a, org.springframework.security.test.context.support.WithSecurityContextTestExecutionListener@34f6cfff, org.springframework.test.context.event.EventPublishingTestExecutionListener@7131a5c9, org.springframework.security.test.context.support.ReactorContextTestExecutionListener@4d0765a9, org.springframework.boot.test.autoconfigure.restdocs.RestDocsTestExecutionListener@4be7521b, org.springframework.boot.test.autoconfigure.web.client.MockRestServiceServerResetTestExecutionListener@496cf5af, org.springframework.boot.test.autoconfigure.web.servlet.MockMvcPrintOnlyOnFailureTestExecutionListener@350f1ea6, org.springframework.boot.test.autoconfigure.web.servlet.WebDriverTestExecutionListener@43530f83, org.springframework.boot.test.autoconfigure.webservices.client.MockWebServiceServerTestExecutionListener@32d5ea78, org.springframework.boot.test.mock.mockito.ResetMocksTestExecutionListener@1cbaa000]
]]></system-out>
  <system-err><![CDATA[]]></system-err>
</testsuite>
