<?xml version="1.0" encoding="UTF-8"?>
<testsuite name="moee.henaknowledge.module.ContactTest" tests="16" skipped="0" failures="0" errors="0" timestamp="2021-06-20T12:16:32" hostname="LAPTOP-9TPVAL4B" time="0.06">
  <properties/>
  <testcase name="setPending()" classname="moee.henaknowledge.module.ContactTest" time="0.003"/>
  <testcase name="getStudentID()" classname="moee.henaknowledge.module.ContactTest" time="0.003"/>
  <testcase name="getWasUseful()" classname="moee.henaknowledge.module.ContactTest" time="0.003"/>
  <testcase name="getWasNotUseful()" classname="moee.henaknowledge.module.ContactTest" time="0.003"/>
  <testcase name="getTeacherID()" classname="moee.henaknowledge.module.ContactTest" time="0.004"/>
  <testcase name="getTeacherResponse()" classname="moee.henaknowledge.module.ContactTest" time="0.002"/>
  <testcase name="setStudentID()" classname="moee.henaknowledge.module.ContactTest" time="0.002"/>
  <testcase name="setWasUseful()" classname="moee.henaknowledge.module.ContactTest" time="0.003"/>
  <testcase name="getID()" classname="moee.henaknowledge.module.ContactTest" time="0.004"/>
  <testcase name="setID()" classname="moee.henaknowledge.module.ContactTest" time="0.003"/>
  <testcase name="getPending()" classname="moee.henaknowledge.module.ContactTest" time="0.003"/>
  <testcase name="setWasNotUseful()" classname="moee.henaknowledge.module.ContactTest" time="0.003"/>
  <testcase name="setTeacherResponse()" classname="moee.henaknowledge.module.ContactTest" time="0.005"/>
  <testcase name="setTeacherID()" classname="moee.henaknowledge.module.ContactTest" time="0.004"/>
  <testcase name="getStudentQuestion()" classname="moee.henaknowledge.module.ContactTest" time="0.003"/>
  <testcase name="setStudentQuestion()" classname="moee.henaknowledge.module.ContactTest" time="0.003"/>
  <system-out><![CDATA[2021-06-20 14:16:32.941  INFO 17432 --- [    Test worker] .b.t.c.SpringBootTestContextBootstrapper : Neither @ContextConfiguration nor @ContextHierarchy found for test class [moee.henaknowledge.module.ContactTest], using SpringBootContextLoader
2021-06-20 14:16:32.942  INFO 17432 --- [    Test worker] o.s.t.c.support.AbstractContextLoader    : Could not detect default resource locations for test class [moee.henaknowledge.module.ContactTest]: no resource found for suffixes {-context.xml, Context.groovy}.
2021-06-20 14:16:32.942  INFO 17432 --- [    Test worker] t.c.s.AnnotationConfigContextLoaderUtils : Could not detect default configuration classes for test class [moee.henaknowledge.module.ContactTest]: ContactTest does not declare any static, non-private, non-final, nested classes annotated with @Configuration.
2021-06-20 14:16:32.944  INFO 17432 --- [    Test worker] .b.t.c.SpringBootTestContextBootstrapper : Found @SpringBootConfiguration moee.henaknowledge.HenaknowledgeApplication for test class moee.henaknowledge.module.ContactTest
2021-06-20 14:16:32.946  INFO 17432 --- [    Test worker] .b.t.c.SpringBootTestContextBootstrapper : Loaded default TestExecutionListener class names from location [META-INF/spring.factories]: [org.springframework.security.test.context.support.WithSecurityContextTestExecutionListener, org.springframework.security.test.context.support.ReactorContextTestExecutionListener, org.springframework.boot.test.autoconfigure.restdocs.RestDocsTestExecutionListener, org.springframework.boot.test.autoconfigure.web.client.MockRestServiceServerResetTestExecutionListener, org.springframework.boot.test.autoconfigure.web.servlet.MockMvcPrintOnlyOnFailureTestExecutionListener, org.springframework.boot.test.autoconfigure.web.servlet.WebDriverTestExecutionListener, org.springframework.boot.test.autoconfigure.webservices.client.MockWebServiceServerTestExecutionListener, org.springframework.boot.test.mock.mockito.MockitoTestExecutionListener, org.springframework.boot.test.mock.mockito.ResetMocksTestExecutionListener, org.springframework.test.context.web.ServletTestExecutionListener, org.springframework.test.context.support.DirtiesContextBeforeModesTestExecutionListener, org.springframework.test.context.event.ApplicationEventsTestExecutionListener, org.springframework.test.context.support.DependencyInjectionTestExecutionListener, org.springframework.test.context.support.DirtiesContextTestExecutionListener, org.springframework.test.context.transaction.TransactionalTestExecutionListener, org.springframework.test.context.jdbc.SqlScriptsTestExecutionListener, org.springframework.test.context.event.EventPublishingTestExecutionListener]
2021-06-20 14:16:32.947  INFO 17432 --- [    Test worker] .b.t.c.SpringBootTestContextBootstrapper : Using TestExecutionListeners: [org.springframework.test.context.web.ServletTestExecutionListener@6e7ca6ca, org.springframework.test.context.support.DirtiesContextBeforeModesTestExecutionListener@48f1ea4e, org.springframework.test.context.event.ApplicationEventsTestExecutionListener@1b0a151b, org.springframework.boot.test.mock.mockito.MockitoTestExecutionListener@28c48e41, org.springframework.boot.test.autoconfigure.SpringBootDependencyInjectionTestExecutionListener@23852765, org.springframework.test.context.support.DirtiesContextTestExecutionListener@64e10ac1, org.springframework.test.context.transaction.TransactionalTestExecutionListener@2f88698b, org.springframework.test.context.jdbc.SqlScriptsTestExecutionListener@23b24cbd, org.springframework.security.test.context.support.WithSecurityContextTestExecutionListener@2986f9a1, org.springframework.test.context.event.EventPublishingTestExecutionListener@455d5952, org.springframework.security.test.context.support.ReactorContextTestExecutionListener@2975b443, org.springframework.boot.test.autoconfigure.restdocs.RestDocsTestExecutionListener@1813c274, org.springframework.boot.test.autoconfigure.web.client.MockRestServiceServerResetTestExecutionListener@6c66b26, org.springframework.boot.test.autoconfigure.web.servlet.MockMvcPrintOnlyOnFailureTestExecutionListener@297e3565, org.springframework.boot.test.autoconfigure.web.servlet.WebDriverTestExecutionListener@2d2d4ba5, org.springframework.boot.test.autoconfigure.webservices.client.MockWebServiceServerTestExecutionListener@2b2b3c16, org.springframework.boot.test.mock.mockito.ResetMocksTestExecutionListener@1e81ed0e]
]]></system-out>
  <system-err><![CDATA[]]></system-err>
</testsuite>
