<?xml version="1.0" encoding="UTF-8"?>
<testsuite name="moee.henaknowledge.module.ExperienceTest" tests="12" skipped="0" failures="0" errors="0" timestamp="2021-06-20T12:16:33" hostname="LAPTOP-9TPVAL4B" time="0.044">
  <properties/>
  <testcase name="setDislikes()" classname="moee.henaknowledge.module.ExperienceTest" time="0.004"/>
  <testcase name="getDislikes()" classname="moee.henaknowledge.module.ExperienceTest" time="0.003"/>
  <testcase name="setPersonID()" classname="moee.henaknowledge.module.ExperienceTest" time="0.003"/>
  <testcase name="getPersonID()" classname="moee.henaknowledge.module.ExperienceTest" time="0.004"/>
  <testcase name="setDescription()" classname="moee.henaknowledge.module.ExperienceTest" time="0.004"/>
  <testcase name="getExperienceID()" classname="moee.henaknowledge.module.ExperienceTest" time="0.004"/>
  <testcase name="setLikes()" classname="moee.henaknowledge.module.ExperienceTest" time="0.003"/>
  <testcase name="setTitle()" classname="moee.henaknowledge.module.ExperienceTest" time="0.002"/>
  <testcase name="setExperienceID()" classname="moee.henaknowledge.module.ExperienceTest" time="0.002"/>
  <testcase name="getDescription()" classname="moee.henaknowledge.module.ExperienceTest" time="0.002"/>
  <testcase name="getLikes()" classname="moee.henaknowledge.module.ExperienceTest" time="0.003"/>
  <testcase name="getTitle()" classname="moee.henaknowledge.module.ExperienceTest" time="0.002"/>
  <system-out><![CDATA[2021-06-20 14:16:33.078  INFO 17432 --- [    Test worker] .b.t.c.SpringBootTestContextBootstrapper : Neither @ContextConfiguration nor @ContextHierarchy found for test class [moee.henaknowledge.module.ExperienceTest], using SpringBootContextLoader
2021-06-20 14:16:33.078  INFO 17432 --- [    Test worker] o.s.t.c.support.AbstractContextLoader    : Could not detect default resource locations for test class [moee.henaknowledge.module.ExperienceTest]: no resource found for suffixes {-context.xml, Context.groovy}.
2021-06-20 14:16:33.078  INFO 17432 --- [    Test worker] t.c.s.AnnotationConfigContextLoaderUtils : Could not detect default configuration classes for test class [moee.henaknowledge.module.ExperienceTest]: ExperienceTest does not declare any static, non-private, non-final, nested classes annotated with @Configuration.
2021-06-20 14:16:33.080  INFO 17432 --- [    Test worker] .b.t.c.SpringBootTestContextBootstrapper : Found @SpringBootConfiguration moee.henaknowledge.HenaknowledgeApplication for test class moee.henaknowledge.module.ExperienceTest
2021-06-20 14:16:33.081  INFO 17432 --- [    Test worker] .b.t.c.SpringBootTestContextBootstrapper : Loaded default TestExecutionListener class names from location [META-INF/spring.factories]: [org.springframework.security.test.context.support.WithSecurityContextTestExecutionListener, org.springframework.security.test.context.support.ReactorContextTestExecutionListener, org.springframework.boot.test.autoconfigure.restdocs.RestDocsTestExecutionListener, org.springframework.boot.test.autoconfigure.web.client.MockRestServiceServerResetTestExecutionListener, org.springframework.boot.test.autoconfigure.web.servlet.MockMvcPrintOnlyOnFailureTestExecutionListener, org.springframework.boot.test.autoconfigure.web.servlet.WebDriverTestExecutionListener, org.springframework.boot.test.autoconfigure.webservices.client.MockWebServiceServerTestExecutionListener, org.springframework.boot.test.mock.mockito.MockitoTestExecutionListener, org.springframework.boot.test.mock.mockito.ResetMocksTestExecutionListener, org.springframework.test.context.web.ServletTestExecutionListener, org.springframework.test.context.support.DirtiesContextBeforeModesTestExecutionListener, org.springframework.test.context.event.ApplicationEventsTestExecutionListener, org.springframework.test.context.support.DependencyInjectionTestExecutionListener, org.springframework.test.context.support.DirtiesContextTestExecutionListener, org.springframework.test.context.transaction.TransactionalTestExecutionListener, org.springframework.test.context.jdbc.SqlScriptsTestExecutionListener, org.springframework.test.context.event.EventPublishingTestExecutionListener]
2021-06-20 14:16:33.082  INFO 17432 --- [    Test worker] .b.t.c.SpringBootTestContextBootstrapper : Using TestExecutionListeners: [org.springframework.test.context.web.ServletTestExecutionListener@44dda3b4, org.springframework.test.context.support.DirtiesContextBeforeModesTestExecutionListener@799d191f, org.springframework.test.context.event.ApplicationEventsTestExecutionListener@3c7bd335, org.springframework.boot.test.mock.mockito.MockitoTestExecutionListener@237ca389, org.springframework.boot.test.autoconfigure.SpringBootDependencyInjectionTestExecutionListener@a957451, org.springframework.test.context.support.DirtiesContextTestExecutionListener@1bd1d1fd, org.springframework.test.context.transaction.TransactionalTestExecutionListener@79515bc9, org.springframework.test.context.jdbc.SqlScriptsTestExecutionListener@3f77cf81, org.springframework.security.test.context.support.WithSecurityContextTestExecutionListener@1e6113c2, org.springframework.test.context.event.EventPublishingTestExecutionListener@b2a67ca, org.springframework.security.test.context.support.ReactorContextTestExecutionListener@78d6ea75, org.springframework.boot.test.autoconfigure.restdocs.RestDocsTestExecutionListener@79dc3929, org.springframework.boot.test.autoconfigure.web.client.MockRestServiceServerResetTestExecutionListener@6fb5dad3, org.springframework.boot.test.autoconfigure.web.servlet.MockMvcPrintOnlyOnFailureTestExecutionListener@3779f4d8, org.springframework.boot.test.autoconfigure.web.servlet.WebDriverTestExecutionListener@78b32500, org.springframework.boot.test.autoconfigure.webservices.client.MockWebServiceServerTestExecutionListener@60be5e4e, org.springframework.boot.test.mock.mockito.ResetMocksTestExecutionListener@211c63c8]
]]></system-out>
  <system-err><![CDATA[]]></system-err>
</testsuite>
