<?xml version="1.0" encoding="UTF-8"?>
<testsuite name="moee.henaknowledge.module.StudentTest" tests="14" skipped="0" failures="0" errors="0" timestamp="2021-06-20T12:16:33" hostname="LAPTOP-9TPVAL4B" time="0.072">
  <properties/>
  <testcase name="setPassword()" classname="moee.henaknowledge.module.StudentTest" time="0.002"/>
  <testcase name="testToString()" classname="moee.henaknowledge.module.StudentTest" time="0.013"/>
  <testcase name="getPassword()" classname="moee.henaknowledge.module.StudentTest" time="0.004"/>
  <testcase name="setSpecialization()" classname="moee.henaknowledge.module.StudentTest" time="0.004"/>
  <testcase name="getCode()" classname="moee.henaknowledge.module.StudentTest" time="0.005"/>
  <testcase name="getRole()" classname="moee.henaknowledge.module.StudentTest" time="0.003"/>
  <testcase name="getSpecialization()" classname="moee.henaknowledge.module.StudentTest" time="0.005"/>
  <testcase name="setPoints()" classname="moee.henaknowledge.module.StudentTest" time="0.004"/>
  <testcase name="getPoints()" classname="moee.henaknowledge.module.StudentTest" time="0.004"/>
  <testcase name="testHashCode()" classname="moee.henaknowledge.module.StudentTest" time="0.003"/>
  <testcase name="testEquals()" classname="moee.henaknowledge.module.StudentTest" time="0.004"/>
  <testcase name="setUsername()" classname="moee.henaknowledge.module.StudentTest" time="0.004"/>
  <testcase name="getUsername()" classname="moee.henaknowledge.module.StudentTest" time="0.004"/>
  <testcase name="setCode()" classname="moee.henaknowledge.module.StudentTest" time="0.002"/>
  <system-out><![CDATA[2021-06-20 14:16:33.129  INFO 17432 --- [    Test worker] .b.t.c.SpringBootTestContextBootstrapper : Neither @ContextConfiguration nor @ContextHierarchy found for test class [moee.henaknowledge.module.StudentTest], using SpringBootContextLoader
2021-06-20 14:16:33.129  INFO 17432 --- [    Test worker] o.s.t.c.support.AbstractContextLoader    : Could not detect default resource locations for test class [moee.henaknowledge.module.StudentTest]: no resource found for suffixes {-context.xml, Context.groovy}.
2021-06-20 14:16:33.130  INFO 17432 --- [    Test worker] t.c.s.AnnotationConfigContextLoaderUtils : Could not detect default configuration classes for test class [moee.henaknowledge.module.StudentTest]: StudentTest does not declare any static, non-private, non-final, nested classes annotated with @Configuration.
2021-06-20 14:16:33.131  INFO 17432 --- [    Test worker] .b.t.c.SpringBootTestContextBootstrapper : Found @SpringBootConfiguration moee.henaknowledge.HenaknowledgeApplication for test class moee.henaknowledge.module.StudentTest
2021-06-20 14:16:33.132  INFO 17432 --- [    Test worker] .b.t.c.SpringBootTestContextBootstrapper : Loaded default TestExecutionListener class names from location [META-INF/spring.factories]: [org.springframework.security.test.context.support.WithSecurityContextTestExecutionListener, org.springframework.security.test.context.support.ReactorContextTestExecutionListener, org.springframework.boot.test.autoconfigure.restdocs.RestDocsTestExecutionListener, org.springframework.boot.test.autoconfigure.web.client.MockRestServiceServerResetTestExecutionListener, org.springframework.boot.test.autoconfigure.web.servlet.MockMvcPrintOnlyOnFailureTestExecutionListener, org.springframework.boot.test.autoconfigure.web.servlet.WebDriverTestExecutionListener, org.springframework.boot.test.autoconfigure.webservices.client.MockWebServiceServerTestExecutionListener, org.springframework.boot.test.mock.mockito.MockitoTestExecutionListener, org.springframework.boot.test.mock.mockito.ResetMocksTestExecutionListener, org.springframework.test.context.web.ServletTestExecutionListener, org.springframework.test.context.support.DirtiesContextBeforeModesTestExecutionListener, org.springframework.test.context.event.ApplicationEventsTestExecutionListener, org.springframework.test.context.support.DependencyInjectionTestExecutionListener, org.springframework.test.context.support.DirtiesContextTestExecutionListener, org.springframework.test.context.transaction.TransactionalTestExecutionListener, org.springframework.test.context.jdbc.SqlScriptsTestExecutionListener, org.springframework.test.context.event.EventPublishingTestExecutionListener]
2021-06-20 14:16:33.133  INFO 17432 --- [    Test worker] .b.t.c.SpringBootTestContextBootstrapper : Using TestExecutionListeners: [org.springframework.test.context.web.ServletTestExecutionListener@59bb8c07, org.springframework.test.context.support.DirtiesContextBeforeModesTestExecutionListener@38413915, org.springframework.test.context.event.ApplicationEventsTestExecutionListener@2a1f5c7d, org.springframework.boot.test.mock.mockito.MockitoTestExecutionListener@68df78d5, org.springframework.boot.test.autoconfigure.SpringBootDependencyInjectionTestExecutionListener@6d810a7d, org.springframework.test.context.support.DirtiesContextTestExecutionListener@5c391f49, org.springframework.test.context.transaction.TransactionalTestExecutionListener@c155c07, org.springframework.test.context.jdbc.SqlScriptsTestExecutionListener@1f1f8480, org.springframework.security.test.context.support.WithSecurityContextTestExecutionListener@7aa8a7fc, org.springframework.test.context.event.EventPublishingTestExecutionListener@6eff2cb7, org.springframework.security.test.context.support.ReactorContextTestExecutionListener@482cb00b, org.springframework.boot.test.autoconfigure.restdocs.RestDocsTestExecutionListener@2b74060a, org.springframework.boot.test.autoconfigure.web.client.MockRestServiceServerResetTestExecutionListener@145cd3df, org.springframework.boot.test.autoconfigure.web.servlet.MockMvcPrintOnlyOnFailureTestExecutionListener@351cf77, org.springframework.boot.test.autoconfigure.web.servlet.WebDriverTestExecutionListener@2ed08bfe, org.springframework.boot.test.autoconfigure.webservices.client.MockWebServiceServerTestExecutionListener@251f9c78, org.springframework.boot.test.mock.mockito.ResetMocksTestExecutionListener@57af612f]
]]></system-out>
  <system-err><![CDATA[]]></system-err>
</testsuite>
