<?xml version="1.0" encoding="UTF-8"?>
<testsuite name="moee.henaknowledge.module.AdminTest" tests="9" skipped="0" failures="0" errors="0" timestamp="2021-06-20T12:16:32" hostname="LAPTOP-9TPVAL4B" time="0.036">
  <properties/>
  <testcase name="getPersonID()" classname="moee.henaknowledge.module.AdminTest" time="0.002"/>
  <testcase name="setPassword()" classname="moee.henaknowledge.module.AdminTest" time="0.003"/>
  <testcase name="testToString()" classname="moee.henaknowledge.module.AdminTest" time="0.007"/>
  <testcase name="getPassword()" classname="moee.henaknowledge.module.AdminTest" time="0.002"/>
  <testcase name="getRole()" classname="moee.henaknowledge.module.AdminTest" time="0.003"/>
  <testcase name="testHashCode()" classname="moee.henaknowledge.module.AdminTest" time="0.002"/>
  <testcase name="testEquals()" classname="moee.henaknowledge.module.AdminTest" time="0.003"/>
  <testcase name="setUsername()" classname="moee.henaknowledge.module.AdminTest" time="0.004"/>
  <testcase name="getUsername()" classname="moee.henaknowledge.module.AdminTest" time="0.003"/>
  <system-out><![CDATA[2021-06-20 14:16:32.856  INFO 17432 --- [    Test worker] .b.t.c.SpringBootTestContextBootstrapper : Neither @ContextConfiguration nor @ContextHierarchy found for test class [moee.henaknowledge.module.AdminTest], using SpringBootContextLoader
2021-06-20 14:16:32.857  INFO 17432 --- [    Test worker] o.s.t.c.support.AbstractContextLoader    : Could not detect default resource locations for test class [moee.henaknowledge.module.AdminTest]: no resource found for suffixes {-context.xml, Context.groovy}.
2021-06-20 14:16:32.857  INFO 17432 --- [    Test worker] t.c.s.AnnotationConfigContextLoaderUtils : Could not detect default configuration classes for test class [moee.henaknowledge.module.AdminTest]: AdminTest does not declare any static, non-private, non-final, nested classes annotated with @Configuration.
2021-06-20 14:16:32.866  INFO 17432 --- [    Test worker] .b.t.c.SpringBootTestContextBootstrapper : Found @SpringBootConfiguration moee.henaknowledge.HenaknowledgeApplication for test class moee.henaknowledge.module.AdminTest
2021-06-20 14:16:32.868  INFO 17432 --- [    Test worker] .b.t.c.SpringBootTestContextBootstrapper : Loaded default TestExecutionListener class names from location [META-INF/spring.factories]: [org.springframework.security.test.context.support.WithSecurityContextTestExecutionListener, org.springframework.security.test.context.support.ReactorContextTestExecutionListener, org.springframework.boot.test.autoconfigure.restdocs.RestDocsTestExecutionListener, org.springframework.boot.test.autoconfigure.web.client.MockRestServiceServerResetTestExecutionListener, org.springframework.boot.test.autoconfigure.web.servlet.MockMvcPrintOnlyOnFailureTestExecutionListener, org.springframework.boot.test.autoconfigure.web.servlet.WebDriverTestExecutionListener, org.springframework.boot.test.autoconfigure.webservices.client.MockWebServiceServerTestExecutionListener, org.springframework.boot.test.mock.mockito.MockitoTestExecutionListener, org.springframework.boot.test.mock.mockito.ResetMocksTestExecutionListener, org.springframework.test.context.web.ServletTestExecutionListener, org.springframework.test.context.support.DirtiesContextBeforeModesTestExecutionListener, org.springframework.test.context.event.ApplicationEventsTestExecutionListener, org.springframework.test.context.support.DependencyInjectionTestExecutionListener, org.springframework.test.context.support.DirtiesContextTestExecutionListener, org.springframework.test.context.transaction.TransactionalTestExecutionListener, org.springframework.test.context.jdbc.SqlScriptsTestExecutionListener, org.springframework.test.context.event.EventPublishingTestExecutionListener]
2021-06-20 14:16:32.869  INFO 17432 --- [    Test worker] .b.t.c.SpringBootTestContextBootstrapper : Using TestExecutionListeners: [org.springframework.test.context.web.ServletTestExecutionListener@55cc108, org.springframework.test.context.support.DirtiesContextBeforeModesTestExecutionListener@672469fd, org.springframework.test.context.event.ApplicationEventsTestExecutionListener@efa24da, org.springframework.boot.test.mock.mockito.MockitoTestExecutionListener@58278d55, org.springframework.boot.test.autoconfigure.SpringBootDependencyInjectionTestExecutionListener@3b9043d8, org.springframework.test.context.support.DirtiesContextTestExecutionListener@7fbfaed6, org.springframework.test.context.transaction.TransactionalTestExecutionListener@20bc890f, org.springframework.test.context.jdbc.SqlScriptsTestExecutionListener@4415f568, org.springframework.security.test.context.support.WithSecurityContextTestExecutionListener@7d22f0b1, org.springframework.test.context.event.EventPublishingTestExecutionListener@7f6938dd, org.springframework.security.test.context.support.ReactorContextTestExecutionListener@3bd932ce, org.springframework.boot.test.autoconfigure.restdocs.RestDocsTestExecutionListener@508c3e68, org.springframework.boot.test.autoconfigure.web.client.MockRestServiceServerResetTestExecutionListener@3ac1fbb0, org.springframework.boot.test.autoconfigure.web.servlet.MockMvcPrintOnlyOnFailureTestExecutionListener@c5883e5, org.springframework.boot.test.autoconfigure.web.servlet.WebDriverTestExecutionListener@7ee58fe2, org.springframework.boot.test.autoconfigure.webservices.client.MockWebServiceServerTestExecutionListener@4f2b9128, org.springframework.boot.test.mock.mockito.ResetMocksTestExecutionListener@7a02ff06]
]]></system-out>
  <system-err><![CDATA[]]></system-err>
</testsuite>
