<?xml version="1.0" encoding="UTF-8"?>
<testsuite name="moee.henaknowledge.dto.TeacherDTOTest" tests="13" skipped="0" failures="0" errors="0" timestamp="2021-06-20T12:16:26" hostname="LAPTOP-9TPVAL4B" time="0.047">
  <properties/>
  <testcase name="setPassword()" classname="moee.henaknowledge.dto.TeacherDTOTest" time="0.003"/>
  <testcase name="getPassword()" classname="moee.henaknowledge.dto.TeacherDTOTest" time="0.002"/>
  <testcase name="setSpecialization()" classname="moee.henaknowledge.dto.TeacherDTOTest" time="0.002"/>
  <testcase name="getCode()" classname="moee.henaknowledge.dto.TeacherDTOTest" time="0.003"/>
  <testcase name="getRole()" classname="moee.henaknowledge.dto.TeacherDTOTest" time="0.003"/>
  <testcase name="getSpecialization()" classname="moee.henaknowledge.dto.TeacherDTOTest" time="0.003"/>
  <testcase name="setPoints()" classname="moee.henaknowledge.dto.TeacherDTOTest" time="0.002"/>
  <testcase name="getPoints()" classname="moee.henaknowledge.dto.TeacherDTOTest" time="0.003"/>
  <testcase name="testHashCode()" classname="moee.henaknowledge.dto.TeacherDTOTest" time="0.003"/>
  <testcase name="testEquals()" classname="moee.henaknowledge.dto.TeacherDTOTest" time="0.004"/>
  <testcase name="setUsername()" classname="moee.henaknowledge.dto.TeacherDTOTest" time="0.003"/>
  <testcase name="getUsername()" classname="moee.henaknowledge.dto.TeacherDTOTest" time="0.003"/>
  <testcase name="setCode()" classname="moee.henaknowledge.dto.TeacherDTOTest" time="0.003"/>
  <system-out><![CDATA[2021-06-20 14:16:26.564  INFO 17432 --- [    Test worker] .b.t.c.SpringBootTestContextBootstrapper : Neither @ContextConfiguration nor @ContextHierarchy found for test class [moee.henaknowledge.dto.TeacherDTOTest], using SpringBootContextLoader
2021-06-20 14:16:26.565  INFO 17432 --- [    Test worker] o.s.t.c.support.AbstractContextLoader    : Could not detect default resource locations for test class [moee.henaknowledge.dto.TeacherDTOTest]: no resource found for suffixes {-context.xml, Context.groovy}.
2021-06-20 14:16:26.565  INFO 17432 --- [    Test worker] t.c.s.AnnotationConfigContextLoaderUtils : Could not detect default configuration classes for test class [moee.henaknowledge.dto.TeacherDTOTest]: TeacherDTOTest does not declare any static, non-private, non-final, nested classes annotated with @Configuration.
2021-06-20 14:16:26.566  INFO 17432 --- [    Test worker] .b.t.c.SpringBootTestContextBootstrapper : Found @SpringBootConfiguration moee.henaknowledge.HenaknowledgeApplication for test class moee.henaknowledge.dto.TeacherDTOTest
2021-06-20 14:16:26.568  INFO 17432 --- [    Test worker] .b.t.c.SpringBootTestContextBootstrapper : Loaded default TestExecutionListener class names from location [META-INF/spring.factories]: [org.springframework.security.test.context.support.WithSecurityContextTestExecutionListener, org.springframework.security.test.context.support.ReactorContextTestExecutionListener, org.springframework.boot.test.autoconfigure.restdocs.RestDocsTestExecutionListener, org.springframework.boot.test.autoconfigure.web.client.MockRestServiceServerResetTestExecutionListener, org.springframework.boot.test.autoconfigure.web.servlet.MockMvcPrintOnlyOnFailureTestExecutionListener, org.springframework.boot.test.autoconfigure.web.servlet.WebDriverTestExecutionListener, org.springframework.boot.test.autoconfigure.webservices.client.MockWebServiceServerTestExecutionListener, org.springframework.boot.test.mock.mockito.MockitoTestExecutionListener, org.springframework.boot.test.mock.mockito.ResetMocksTestExecutionListener, org.springframework.test.context.web.ServletTestExecutionListener, org.springframework.test.context.support.DirtiesContextBeforeModesTestExecutionListener, org.springframework.test.context.event.ApplicationEventsTestExecutionListener, org.springframework.test.context.support.DependencyInjectionTestExecutionListener, org.springframework.test.context.support.DirtiesContextTestExecutionListener, org.springframework.test.context.transaction.TransactionalTestExecutionListener, org.springframework.test.context.jdbc.SqlScriptsTestExecutionListener, org.springframework.test.context.event.EventPublishingTestExecutionListener]
2021-06-20 14:16:26.568  INFO 17432 --- [    Test worker] .b.t.c.SpringBootTestContextBootstrapper : Using TestExecutionListeners: [org.springframework.test.context.web.ServletTestExecutionListener@348e6a50, org.springframework.test.context.support.DirtiesContextBeforeModesTestExecutionListener@6efcbb4a, org.springframework.test.context.event.ApplicationEventsTestExecutionListener@58890e67, org.springframework.boot.test.mock.mockito.MockitoTestExecutionListener@43fb00b6, org.springframework.boot.test.autoconfigure.SpringBootDependencyInjectionTestExecutionListener@4e02e73, org.springframework.test.context.support.DirtiesContextTestExecutionListener@fcde34e, org.springframework.test.context.transaction.TransactionalTestExecutionListener@1fa72ee6, org.springframework.test.context.jdbc.SqlScriptsTestExecutionListener@4427314, org.springframework.security.test.context.support.WithSecurityContextTestExecutionListener@1d44659, org.springframework.test.context.event.EventPublishingTestExecutionListener@616312be, org.springframework.security.test.context.support.ReactorContextTestExecutionListener@4715c06a, org.springframework.boot.test.autoconfigure.restdocs.RestDocsTestExecutionListener@5058c14f, org.springframework.boot.test.autoconfigure.web.client.MockRestServiceServerResetTestExecutionListener@739db393, org.springframework.boot.test.autoconfigure.web.servlet.MockMvcPrintOnlyOnFailureTestExecutionListener@a92b9bc, org.springframework.boot.test.autoconfigure.web.servlet.WebDriverTestExecutionListener@636d3e14, org.springframework.boot.test.autoconfigure.webservices.client.MockWebServiceServerTestExecutionListener@7529c98f, org.springframework.boot.test.mock.mockito.ResetMocksTestExecutionListener@6b36fd92]
]]></system-out>
  <system-err><![CDATA[]]></system-err>
</testsuite>
