<?xml version="1.0" encoding="UTF-8"?>
<testsuite name="moee.henaknowledge.module.EmailTest" tests="5" skipped="0" failures="0" errors="0" timestamp="2021-06-20T12:16:33" hostname="LAPTOP-9TPVAL4B" time="0.015">
  <properties/>
  <testcase name="TestGetSubjectString()" classname="moee.henaknowledge.module.EmailTest" time="0.003"/>
  <testcase name="TestGetToString()" classname="moee.henaknowledge.module.EmailTest" time="0.003"/>
  <testcase name="testHashCode()" classname="moee.henaknowledge.module.EmailTest" time="0.003"/>
  <testcase name="TestGetBodyString()" classname="moee.henaknowledge.module.EmailTest" time="0.002"/>
  <testcase name="testEquals()" classname="moee.henaknowledge.module.EmailTest" time="0.002"/>
  <system-out><![CDATA[2021-06-20 14:16:33.011  INFO 17432 --- [    Test worker] .b.t.c.SpringBootTestContextBootstrapper : Neither @ContextConfiguration nor @ContextHierarchy found for test class [moee.henaknowledge.module.EmailTest], using SpringBootContextLoader
2021-06-20 14:16:33.012  INFO 17432 --- [    Test worker] o.s.t.c.support.AbstractContextLoader    : Could not detect default resource locations for test class [moee.henaknowledge.module.EmailTest]: no resource found for suffixes {-context.xml, Context.groovy}.
2021-06-20 14:16:33.012  INFO 17432 --- [    Test worker] t.c.s.AnnotationConfigContextLoaderUtils : Could not detect default configuration classes for test class [moee.henaknowledge.module.EmailTest]: EmailTest does not declare any static, non-private, non-final, nested classes annotated with @Configuration.
2021-06-20 14:16:33.013  INFO 17432 --- [    Test worker] .b.t.c.SpringBootTestContextBootstrapper : Found @SpringBootConfiguration moee.henaknowledge.HenaknowledgeApplication for test class moee.henaknowledge.module.EmailTest
2021-06-20 14:16:33.015  INFO 17432 --- [    Test worker] .b.t.c.SpringBootTestContextBootstrapper : Loaded default TestExecutionListener class names from location [META-INF/spring.factories]: [org.springframework.security.test.context.support.WithSecurityContextTestExecutionListener, org.springframework.security.test.context.support.ReactorContextTestExecutionListener, org.springframework.boot.test.autoconfigure.restdocs.RestDocsTestExecutionListener, org.springframework.boot.test.autoconfigure.web.client.MockRestServiceServerResetTestExecutionListener, org.springframework.boot.test.autoconfigure.web.servlet.MockMvcPrintOnlyOnFailureTestExecutionListener, org.springframework.boot.test.autoconfigure.web.servlet.WebDriverTestExecutionListener, org.springframework.boot.test.autoconfigure.webservices.client.MockWebServiceServerTestExecutionListener, org.springframework.boot.test.mock.mockito.MockitoTestExecutionListener, org.springframework.boot.test.mock.mockito.ResetMocksTestExecutionListener, org.springframework.test.context.web.ServletTestExecutionListener, org.springframework.test.context.support.DirtiesContextBeforeModesTestExecutionListener, org.springframework.test.context.event.ApplicationEventsTestExecutionListener, org.springframework.test.context.support.DependencyInjectionTestExecutionListener, org.springframework.test.context.support.DirtiesContextTestExecutionListener, org.springframework.test.context.transaction.TransactionalTestExecutionListener, org.springframework.test.context.jdbc.SqlScriptsTestExecutionListener, org.springframework.test.context.event.EventPublishingTestExecutionListener]
2021-06-20 14:16:33.016  INFO 17432 --- [    Test worker] .b.t.c.SpringBootTestContextBootstrapper : Using TestExecutionListeners: [org.springframework.test.context.web.ServletTestExecutionListener@45642310, org.springframework.test.context.support.DirtiesContextBeforeModesTestExecutionListener@1d6ac8a8, org.springframework.test.context.event.ApplicationEventsTestExecutionListener@7dd81313, org.springframework.boot.test.mock.mockito.MockitoTestExecutionListener@4f9789af, org.springframework.boot.test.autoconfigure.SpringBootDependencyInjectionTestExecutionListener@2b0f4fee, org.springframework.test.context.support.DirtiesContextTestExecutionListener@60ebedaf, org.springframework.test.context.transaction.TransactionalTestExecutionListener@5d963a2a, org.springframework.test.context.jdbc.SqlScriptsTestExecutionListener@2e3f0ac6, org.springframework.security.test.context.support.WithSecurityContextTestExecutionListener@7f1e50d0, org.springframework.test.context.event.EventPublishingTestExecutionListener@40275c09, org.springframework.security.test.context.support.ReactorContextTestExecutionListener@2c0c794d, org.springframework.boot.test.autoconfigure.restdocs.RestDocsTestExecutionListener@7a332f30, org.springframework.boot.test.autoconfigure.web.client.MockRestServiceServerResetTestExecutionListener@77a66876, org.springframework.boot.test.autoconfigure.web.servlet.MockMvcPrintOnlyOnFailureTestExecutionListener@d1bb59f, org.springframework.boot.test.autoconfigure.web.servlet.WebDriverTestExecutionListener@42926360, org.springframework.boot.test.autoconfigure.webservices.client.MockWebServiceServerTestExecutionListener@213b8ead, org.springframework.boot.test.mock.mockito.ResetMocksTestExecutionListener@659aa724]
]]></system-out>
  <system-err><![CDATA[]]></system-err>
</testsuite>
