<?xml version="1.0" encoding="UTF-8"?>
<testsuite name="moee.henaknowledge.util.constantTest" tests="3" skipped="0" failures="0" errors="0" timestamp="2021-06-20T12:16:34" hostname="LAPTOP-9TPVAL4B" time="0.011">
  <properties/>
  <testcase name="TestStudentRoleConstant()" classname="moee.henaknowledge.util.constantTest" time="0.004"/>
  <testcase name="TestTeacherRoleConstant()" classname="moee.henaknowledge.util.constantTest" time="0.003"/>
  <testcase name="TestAdminRoleConstant()" classname="moee.henaknowledge.util.constantTest" time="0.003"/>
  <system-out><![CDATA[2021-06-20 14:16:34.045  INFO 17432 --- [    Test worker] .b.t.c.SpringBootTestContextBootstrapper : Neither @ContextConfiguration nor @ContextHierarchy found for test class [moee.henaknowledge.util.constantTest], using SpringBootContextLoader
2021-06-20 14:16:34.046  INFO 17432 --- [    Test worker] o.s.t.c.support.AbstractContextLoader    : Could not detect default resource locations for test class [moee.henaknowledge.util.constantTest]: no resource found for suffixes {-context.xml, Context.groovy}.
2021-06-20 14:16:34.046  INFO 17432 --- [    Test worker] t.c.s.AnnotationConfigContextLoaderUtils : Could not detect default configuration classes for test class [moee.henaknowledge.util.constantTest]: constantTest does not declare any static, non-private, non-final, nested classes annotated with @Configuration.
2021-06-20 14:16:34.054  INFO 17432 --- [    Test worker] .b.t.c.SpringBootTestContextBootstrapper : Found @SpringBootConfiguration moee.henaknowledge.HenaknowledgeApplication for test class moee.henaknowledge.util.constantTest
2021-06-20 14:16:34.056  INFO 17432 --- [    Test worker] .b.t.c.SpringBootTestContextBootstrapper : Loaded default TestExecutionListener class names from location [META-INF/spring.factories]: [org.springframework.security.test.context.support.WithSecurityContextTestExecutionListener, org.springframework.security.test.context.support.ReactorContextTestExecutionListener, org.springframework.boot.test.autoconfigure.restdocs.RestDocsTestExecutionListener, org.springframework.boot.test.autoconfigure.web.client.MockRestServiceServerResetTestExecutionListener, org.springframework.boot.test.autoconfigure.web.servlet.MockMvcPrintOnlyOnFailureTestExecutionListener, org.springframework.boot.test.autoconfigure.web.servlet.WebDriverTestExecutionListener, org.springframework.boot.test.autoconfigure.webservices.client.MockWebServiceServerTestExecutionListener, org.springframework.boot.test.mock.mockito.MockitoTestExecutionListener, org.springframework.boot.test.mock.mockito.ResetMocksTestExecutionListener, org.springframework.test.context.web.ServletTestExecutionListener, org.springframework.test.context.support.DirtiesContextBeforeModesTestExecutionListener, org.springframework.test.context.event.ApplicationEventsTestExecutionListener, org.springframework.test.context.support.DependencyInjectionTestExecutionListener, org.springframework.test.context.support.DirtiesContextTestExecutionListener, org.springframework.test.context.transaction.TransactionalTestExecutionListener, org.springframework.test.context.jdbc.SqlScriptsTestExecutionListener, org.springframework.test.context.event.EventPublishingTestExecutionListener]
2021-06-20 14:16:34.057  INFO 17432 --- [    Test worker] .b.t.c.SpringBootTestContextBootstrapper : Using TestExecutionListeners: [org.springframework.test.context.web.ServletTestExecutionListener@505f7b33, org.springframework.test.context.support.DirtiesContextBeforeModesTestExecutionListener@27878c9, org.springframework.test.context.event.ApplicationEventsTestExecutionListener@144b4578, org.springframework.boot.test.mock.mockito.MockitoTestExecutionListener@7546775e, org.springframework.boot.test.autoconfigure.SpringBootDependencyInjectionTestExecutionListener@5eeb0c26, org.springframework.test.context.support.DirtiesContextTestExecutionListener@1f949902, org.springframework.test.context.transaction.TransactionalTestExecutionListener@51ba7f0d, org.springframework.test.context.jdbc.SqlScriptsTestExecutionListener@17800ee3, org.springframework.security.test.context.support.WithSecurityContextTestExecutionListener@118caa09, org.springframework.test.context.event.EventPublishingTestExecutionListener@2a6b7db3, org.springframework.security.test.context.support.ReactorContextTestExecutionListener@28ab3de4, org.springframework.boot.test.autoconfigure.restdocs.RestDocsTestExecutionListener@3fcbd904, org.springframework.boot.test.autoconfigure.web.client.MockRestServiceServerResetTestExecutionListener@4b63f016, org.springframework.boot.test.autoconfigure.web.servlet.MockMvcPrintOnlyOnFailureTestExecutionListener@3a148a2c, org.springframework.boot.test.autoconfigure.web.servlet.WebDriverTestExecutionListener@4b21d497, org.springframework.boot.test.autoconfigure.webservices.client.MockWebServiceServerTestExecutionListener@2ac3270e, org.springframework.boot.test.mock.mockito.ResetMocksTestExecutionListener@7ef49100]
]]></system-out>
  <system-err><![CDATA[]]></system-err>
</testsuite>
