<?xml version="1.0" encoding="UTF-8"?>
<testsuite name="moee.henaknowledge.service.CommentServiceTest" tests="5" skipped="0" failures="0" errors="0" timestamp="2021-06-20T12:16:33" hostname="LAPTOP-9TPVAL4B" time="0.065">
  <properties/>
  <testcase name="addComment()" classname="moee.henaknowledge.service.CommentServiceTest" time="0.04"/>
  <testcase name="getAllComments()" classname="moee.henaknowledge.service.CommentServiceTest" time="0.005"/>
  <testcase name="setCommentById()" classname="moee.henaknowledge.service.CommentServiceTest" time="0.006"/>
  <testcase name="getAllCommentsByExperienceID()" classname="moee.henaknowledge.service.CommentServiceTest" time="0.006"/>
  <testcase name="getCommentByCommentID()" classname="moee.henaknowledge.service.CommentServiceTest" time="0.006"/>
  <system-out><![CDATA[2021-06-20 14:16:33.590  INFO 17432 --- [    Test worker] .b.t.c.SpringBootTestContextBootstrapper : Neither @ContextConfiguration nor @ContextHierarchy found for test class [moee.henaknowledge.service.CommentServiceTest], using SpringBootContextLoader
2021-06-20 14:16:33.591  INFO 17432 --- [    Test worker] o.s.t.c.support.AbstractContextLoader    : Could not detect default resource locations for test class [moee.henaknowledge.service.CommentServiceTest]: no resource found for suffixes {-context.xml, Context.groovy}.
2021-06-20 14:16:33.591  INFO 17432 --- [    Test worker] t.c.s.AnnotationConfigContextLoaderUtils : Could not detect default configuration classes for test class [moee.henaknowledge.service.CommentServiceTest]: CommentServiceTest does not declare any static, non-private, non-final, nested classes annotated with @Configuration.
2021-06-20 14:16:33.592  INFO 17432 --- [    Test worker] .b.t.c.SpringBootTestContextBootstrapper : Found @SpringBootConfiguration moee.henaknowledge.HenaknowledgeApplication for test class moee.henaknowledge.service.CommentServiceTest
2021-06-20 14:16:33.594  INFO 17432 --- [    Test worker] .b.t.c.SpringBootTestContextBootstrapper : Loaded default TestExecutionListener class names from location [META-INF/spring.factories]: [org.springframework.security.test.context.support.WithSecurityContextTestExecutionListener, org.springframework.security.test.context.support.ReactorContextTestExecutionListener, org.springframework.boot.test.autoconfigure.restdocs.RestDocsTestExecutionListener, org.springframework.boot.test.autoconfigure.web.client.MockRestServiceServerResetTestExecutionListener, org.springframework.boot.test.autoconfigure.web.servlet.MockMvcPrintOnlyOnFailureTestExecutionListener, org.springframework.boot.test.autoconfigure.web.servlet.WebDriverTestExecutionListener, org.springframework.boot.test.autoconfigure.webservices.client.MockWebServiceServerTestExecutionListener, org.springframework.boot.test.mock.mockito.MockitoTestExecutionListener, org.springframework.boot.test.mock.mockito.ResetMocksTestExecutionListener, org.springframework.test.context.web.ServletTestExecutionListener, org.springframework.test.context.support.DirtiesContextBeforeModesTestExecutionListener, org.springframework.test.context.event.ApplicationEventsTestExecutionListener, org.springframework.test.context.support.DependencyInjectionTestExecutionListener, org.springframework.test.context.support.DirtiesContextTestExecutionListener, org.springframework.test.context.transaction.TransactionalTestExecutionListener, org.springframework.test.context.jdbc.SqlScriptsTestExecutionListener, org.springframework.test.context.event.EventPublishingTestExecutionListener]
2021-06-20 14:16:33.594  INFO 17432 --- [    Test worker] .b.t.c.SpringBootTestContextBootstrapper : Using TestExecutionListeners: [org.springframework.test.context.web.ServletTestExecutionListener@151a9d8c, org.springframework.test.context.support.DirtiesContextBeforeModesTestExecutionListener@3ed540bb, org.springframework.test.context.event.ApplicationEventsTestExecutionListener@d052788, org.springframework.boot.test.mock.mockito.MockitoTestExecutionListener@6ea6c594, org.springframework.boot.test.autoconfigure.SpringBootDependencyInjectionTestExecutionListener@2f91c331, org.springframework.test.context.support.DirtiesContextTestExecutionListener@3bd59ee0, org.springframework.test.context.transaction.TransactionalTestExecutionListener@1f48c775, org.springframework.test.context.jdbc.SqlScriptsTestExecutionListener@479a3b6d, org.springframework.security.test.context.support.WithSecurityContextTestExecutionListener@6633e0e4, org.springframework.test.context.event.EventPublishingTestExecutionListener@7186405c, org.springframework.security.test.context.support.ReactorContextTestExecutionListener@282c5276, org.springframework.boot.test.autoconfigure.restdocs.RestDocsTestExecutionListener@3e7b554d, org.springframework.boot.test.autoconfigure.web.client.MockRestServiceServerResetTestExecutionListener@4736b6a6, org.springframework.boot.test.autoconfigure.web.servlet.MockMvcPrintOnlyOnFailureTestExecutionListener@4f18abc, org.springframework.boot.test.autoconfigure.web.servlet.WebDriverTestExecutionListener@4e84c7b6, org.springframework.boot.test.autoconfigure.webservices.client.MockWebServiceServerTestExecutionListener@2a312216, org.springframework.boot.test.mock.mockito.ResetMocksTestExecutionListener@58c02270]
]]></system-out>
  <system-err><![CDATA[]]></system-err>
</testsuite>
