<?xml version="1.0" encoding="UTF-8"?>
<testsuite name="moee.henaknowledge.service.AdminServiceTest" tests="6" skipped="0" failures="0" errors="0" timestamp="2021-06-20T12:16:33" hostname="LAPTOP-9TPVAL4B" time="0.295">
  <properties/>
  <testcase name="addAdmin()" classname="moee.henaknowledge.service.AdminServiceTest" time="0.266"/>
  <testcase name="deleteAdmin()" classname="moee.henaknowledge.service.AdminServiceTest" time="0.006"/>
  <testcase name="getAllAdmins()" classname="moee.henaknowledge.service.AdminServiceTest" time="0.005"/>
  <testcase name="getAdminByUsername()" classname="moee.henaknowledge.service.AdminServiceTest" time="0.005"/>
  <testcase name="getAdminByPersonID()" classname="moee.henaknowledge.service.AdminServiceTest" time="0.005"/>
  <testcase name="setAdminInfoById()" classname="moee.henaknowledge.service.AdminServiceTest" time="0.005"/>
  <system-out><![CDATA[2021-06-20 14:16:33.279  INFO 17432 --- [    Test worker] .b.t.c.SpringBootTestContextBootstrapper : Neither @ContextConfiguration nor @ContextHierarchy found for test class [moee.henaknowledge.service.AdminServiceTest], using SpringBootContextLoader
2021-06-20 14:16:33.280  INFO 17432 --- [    Test worker] o.s.t.c.support.AbstractContextLoader    : Could not detect default resource locations for test class [moee.henaknowledge.service.AdminServiceTest]: no resource found for suffixes {-context.xml, Context.groovy}.
2021-06-20 14:16:33.280  INFO 17432 --- [    Test worker] t.c.s.AnnotationConfigContextLoaderUtils : Could not detect default configuration classes for test class [moee.henaknowledge.service.AdminServiceTest]: AdminServiceTest does not declare any static, non-private, non-final, nested classes annotated with @Configuration.
2021-06-20 14:16:33.289  INFO 17432 --- [    Test worker] .b.t.c.SpringBootTestContextBootstrapper : Found @SpringBootConfiguration moee.henaknowledge.HenaknowledgeApplication for test class moee.henaknowledge.service.AdminServiceTest
2021-06-20 14:16:33.290  INFO 17432 --- [    Test worker] .b.t.c.SpringBootTestContextBootstrapper : Loaded default TestExecutionListener class names from location [META-INF/spring.factories]: [org.springframework.security.test.context.support.WithSecurityContextTestExecutionListener, org.springframework.security.test.context.support.ReactorContextTestExecutionListener, org.springframework.boot.test.autoconfigure.restdocs.RestDocsTestExecutionListener, org.springframework.boot.test.autoconfigure.web.client.MockRestServiceServerResetTestExecutionListener, org.springframework.boot.test.autoconfigure.web.servlet.MockMvcPrintOnlyOnFailureTestExecutionListener, org.springframework.boot.test.autoconfigure.web.servlet.WebDriverTestExecutionListener, org.springframework.boot.test.autoconfigure.webservices.client.MockWebServiceServerTestExecutionListener, org.springframework.boot.test.mock.mockito.MockitoTestExecutionListener, org.springframework.boot.test.mock.mockito.ResetMocksTestExecutionListener, org.springframework.test.context.web.ServletTestExecutionListener, org.springframework.test.context.support.DirtiesContextBeforeModesTestExecutionListener, org.springframework.test.context.event.ApplicationEventsTestExecutionListener, org.springframework.test.context.support.DependencyInjectionTestExecutionListener, org.springframework.test.context.support.DirtiesContextTestExecutionListener, org.springframework.test.context.transaction.TransactionalTestExecutionListener, org.springframework.test.context.jdbc.SqlScriptsTestExecutionListener, org.springframework.test.context.event.EventPublishingTestExecutionListener]
2021-06-20 14:16:33.291  INFO 17432 --- [    Test worker] .b.t.c.SpringBootTestContextBootstrapper : Using TestExecutionListeners: [org.springframework.test.context.web.ServletTestExecutionListener@f72dddc, org.springframework.test.context.support.DirtiesContextBeforeModesTestExecutionListener@46de3a0d, org.springframework.test.context.event.ApplicationEventsTestExecutionListener@2b27ee72, org.springframework.boot.test.mock.mockito.MockitoTestExecutionListener@554afdd4, org.springframework.boot.test.autoconfigure.SpringBootDependencyInjectionTestExecutionListener@4ccf469c, org.springframework.test.context.support.DirtiesContextTestExecutionListener@7b76035a, org.springframework.test.context.transaction.TransactionalTestExecutionListener@6f362638, org.springframework.test.context.jdbc.SqlScriptsTestExecutionListener@6d10d257, org.springframework.security.test.context.support.WithSecurityContextTestExecutionListener@5b5d92cf, org.springframework.test.context.event.EventPublishingTestExecutionListener@10fa262d, org.springframework.security.test.context.support.ReactorContextTestExecutionListener@4e23d5ec, org.springframework.boot.test.autoconfigure.restdocs.RestDocsTestExecutionListener@25ca3415, org.springframework.boot.test.autoconfigure.web.client.MockRestServiceServerResetTestExecutionListener@12b61189, org.springframework.boot.test.autoconfigure.web.servlet.MockMvcPrintOnlyOnFailureTestExecutionListener@533c86bc, org.springframework.boot.test.autoconfigure.web.servlet.WebDriverTestExecutionListener@3e0a582, org.springframework.boot.test.autoconfigure.webservices.client.MockWebServiceServerTestExecutionListener@77fe4377, org.springframework.boot.test.mock.mockito.ResetMocksTestExecutionListener@55e63e58]
]]></system-out>
  <system-err><![CDATA[]]></system-err>
</testsuite>
