<?xml version="1.0" encoding="UTF-8"?>
<testsuite name="moee.henaknowledge.util.pointsTest" tests="5" skipped="0" failures="0" errors="0" timestamp="2021-06-20T12:16:34" hostname="LAPTOP-9TPVAL4B" time="0.017">
  <properties/>
  <testcase name="TestPointsPerDislike()" classname="moee.henaknowledge.util.pointsTest" time="0.004"/>
  <testcase name="TestPointsPerExperience()" classname="moee.henaknowledge.util.pointsTest" time="0.003"/>
  <testcase name="TestPointsPerQuestion()" classname="moee.henaknowledge.util.pointsTest" time="0.003"/>
  <testcase name="TestPointsPerLike()" classname="moee.henaknowledge.util.pointsTest" time="0.002"/>
  <testcase name="TestPointsPerAnswer()" classname="moee.henaknowledge.util.pointsTest" time="0.002"/>
  <system-out><![CDATA[2021-06-20 14:16:34.070  INFO 17432 --- [    Test worker] .b.t.c.SpringBootTestContextBootstrapper : Neither @ContextConfiguration nor @ContextHierarchy found for test class [moee.henaknowledge.util.pointsTest], using SpringBootContextLoader
2021-06-20 14:16:34.071  INFO 17432 --- [    Test worker] o.s.t.c.support.AbstractContextLoader    : Could not detect default resource locations for test class [moee.henaknowledge.util.pointsTest]: no resource found for suffixes {-context.xml, Context.groovy}.
2021-06-20 14:16:34.071  INFO 17432 --- [    Test worker] t.c.s.AnnotationConfigContextLoaderUtils : Could not detect default configuration classes for test class [moee.henaknowledge.util.pointsTest]: pointsTest does not declare any static, non-private, non-final, nested classes annotated with @Configuration.
2021-06-20 14:16:34.073  INFO 17432 --- [    Test worker] .b.t.c.SpringBootTestContextBootstrapper : Found @SpringBootConfiguration moee.henaknowledge.HenaknowledgeApplication for test class moee.henaknowledge.util.pointsTest
2021-06-20 14:16:34.074  INFO 17432 --- [    Test worker] .b.t.c.SpringBootTestContextBootstrapper : Loaded default TestExecutionListener class names from location [META-INF/spring.factories]: [org.springframework.security.test.context.support.WithSecurityContextTestExecutionListener, org.springframework.security.test.context.support.ReactorContextTestExecutionListener, org.springframework.boot.test.autoconfigure.restdocs.RestDocsTestExecutionListener, org.springframework.boot.test.autoconfigure.web.client.MockRestServiceServerResetTestExecutionListener, org.springframework.boot.test.autoconfigure.web.servlet.MockMvcPrintOnlyOnFailureTestExecutionListener, org.springframework.boot.test.autoconfigure.web.servlet.WebDriverTestExecutionListener, org.springframework.boot.test.autoconfigure.webservices.client.MockWebServiceServerTestExecutionListener, org.springframework.boot.test.mock.mockito.MockitoTestExecutionListener, org.springframework.boot.test.mock.mockito.ResetMocksTestExecutionListener, org.springframework.test.context.web.ServletTestExecutionListener, org.springframework.test.context.support.DirtiesContextBeforeModesTestExecutionListener, org.springframework.test.context.event.ApplicationEventsTestExecutionListener, org.springframework.test.context.support.DependencyInjectionTestExecutionListener, org.springframework.test.context.support.DirtiesContextTestExecutionListener, org.springframework.test.context.transaction.TransactionalTestExecutionListener, org.springframework.test.context.jdbc.SqlScriptsTestExecutionListener, org.springframework.test.context.event.EventPublishingTestExecutionListener]
2021-06-20 14:16:34.075  INFO 17432 --- [    Test worker] .b.t.c.SpringBootTestContextBootstrapper : Using TestExecutionListeners: [org.springframework.test.context.web.ServletTestExecutionListener@602f3118, org.springframework.test.context.support.DirtiesContextBeforeModesTestExecutionListener@25efc4e6, org.springframework.test.context.event.ApplicationEventsTestExecutionListener@16a77c02, org.springframework.boot.test.mock.mockito.MockitoTestExecutionListener@4c019347, org.springframework.boot.test.autoconfigure.SpringBootDependencyInjectionTestExecutionListener@553fdc2e, org.springframework.test.context.support.DirtiesContextTestExecutionListener@e2cea9b, org.springframework.test.context.transaction.TransactionalTestExecutionListener@2346d030, org.springframework.test.context.jdbc.SqlScriptsTestExecutionListener@631df4b4, org.springframework.security.test.context.support.WithSecurityContextTestExecutionListener@48688a55, org.springframework.test.context.event.EventPublishingTestExecutionListener@21f9d9f1, org.springframework.security.test.context.support.ReactorContextTestExecutionListener@34ab4aae, org.springframework.boot.test.autoconfigure.restdocs.RestDocsTestExecutionListener@389fb0db, org.springframework.boot.test.autoconfigure.web.client.MockRestServiceServerResetTestExecutionListener@3429afbf, org.springframework.boot.test.autoconfigure.web.servlet.MockMvcPrintOnlyOnFailureTestExecutionListener@5bf0de9a, org.springframework.boot.test.autoconfigure.web.servlet.WebDriverTestExecutionListener@35e01170, org.springframework.boot.test.autoconfigure.webservices.client.MockWebServiceServerTestExecutionListener@703c767f, org.springframework.boot.test.mock.mockito.ResetMocksTestExecutionListener@9917b90]
]]></system-out>
  <system-err><![CDATA[]]></system-err>
</testsuite>
