<?xml version="1.0" encoding="UTF-8"?>
<testsuite name="moee.henaknowledge.service.StudentServiceTest" tests="9" skipped="0" failures="0" errors="0" timestamp="2021-06-20T12:16:33" hostname="LAPTOP-9TPVAL4B" time="0.159">
  <properties/>
  <testcase name="deleteStudent()" classname="moee.henaknowledge.service.StudentServiceTest" time="0.043"/>
  <testcase name="updatePoints()" classname="moee.henaknowledge.service.StudentServiceTest" time="0.005"/>
  <testcase name="setStudentInfoById()" classname="moee.henaknowledge.service.StudentServiceTest" time="0.006"/>
  <testcase name="getStudentByUsernameDoesNotExists()" classname="moee.henaknowledge.service.StudentServiceTest" time="0.012"/>
  <testcase name="getStudentByUsername()" classname="moee.henaknowledge.service.StudentServiceTest" time="0.006"/>
  <testcase name="addStudent()" classname="moee.henaknowledge.service.StudentServiceTest" time="0.065"/>
  <testcase name="getStudentByPersonID()" classname="moee.henaknowledge.service.StudentServiceTest" time="0.005"/>
  <testcase name="getStudentByPersonIDDoesNotExists()" classname="moee.henaknowledge.service.StudentServiceTest" time="0.005"/>
  <testcase name="getAllStudents()" classname="moee.henaknowledge.service.StudentServiceTest" time="0.005"/>
  <system-out><![CDATA[2021-06-20 14:16:33.662  INFO 17432 --- [    Test worker] .b.t.c.SpringBootTestContextBootstrapper : Neither @ContextConfiguration nor @ContextHierarchy found for test class [moee.henaknowledge.service.StudentServiceTest], using SpringBootContextLoader
2021-06-20 14:16:33.663  INFO 17432 --- [    Test worker] o.s.t.c.support.AbstractContextLoader    : Could not detect default resource locations for test class [moee.henaknowledge.service.StudentServiceTest]: no resource found for suffixes {-context.xml, Context.groovy}.
2021-06-20 14:16:33.663  INFO 17432 --- [    Test worker] t.c.s.AnnotationConfigContextLoaderUtils : Could not detect default configuration classes for test class [moee.henaknowledge.service.StudentServiceTest]: StudentServiceTest does not declare any static, non-private, non-final, nested classes annotated with @Configuration.
2021-06-20 14:16:33.665  INFO 17432 --- [    Test worker] .b.t.c.SpringBootTestContextBootstrapper : Found @SpringBootConfiguration moee.henaknowledge.HenaknowledgeApplication for test class moee.henaknowledge.service.StudentServiceTest
2021-06-20 14:16:33.667  INFO 17432 --- [    Test worker] .b.t.c.SpringBootTestContextBootstrapper : Loaded default TestExecutionListener class names from location [META-INF/spring.factories]: [org.springframework.security.test.context.support.WithSecurityContextTestExecutionListener, org.springframework.security.test.context.support.ReactorContextTestExecutionListener, org.springframework.boot.test.autoconfigure.restdocs.RestDocsTestExecutionListener, org.springframework.boot.test.autoconfigure.web.client.MockRestServiceServerResetTestExecutionListener, org.springframework.boot.test.autoconfigure.web.servlet.MockMvcPrintOnlyOnFailureTestExecutionListener, org.springframework.boot.test.autoconfigure.web.servlet.WebDriverTestExecutionListener, org.springframework.boot.test.autoconfigure.webservices.client.MockWebServiceServerTestExecutionListener, org.springframework.boot.test.mock.mockito.MockitoTestExecutionListener, org.springframework.boot.test.mock.mockito.ResetMocksTestExecutionListener, org.springframework.test.context.web.ServletTestExecutionListener, org.springframework.test.context.support.DirtiesContextBeforeModesTestExecutionListener, org.springframework.test.context.event.ApplicationEventsTestExecutionListener, org.springframework.test.context.support.DependencyInjectionTestExecutionListener, org.springframework.test.context.support.DirtiesContextTestExecutionListener, org.springframework.test.context.transaction.TransactionalTestExecutionListener, org.springframework.test.context.jdbc.SqlScriptsTestExecutionListener, org.springframework.test.context.event.EventPublishingTestExecutionListener]
2021-06-20 14:16:33.668  INFO 17432 --- [    Test worker] .b.t.c.SpringBootTestContextBootstrapper : Using TestExecutionListeners: [org.springframework.test.context.web.ServletTestExecutionListener@7ff68209, org.springframework.test.context.support.DirtiesContextBeforeModesTestExecutionListener@71b6eeb5, org.springframework.test.context.event.ApplicationEventsTestExecutionListener@4e757377, org.springframework.boot.test.mock.mockito.MockitoTestExecutionListener@6642368f, org.springframework.boot.test.autoconfigure.SpringBootDependencyInjectionTestExecutionListener@2d6f1684, org.springframework.test.context.support.DirtiesContextTestExecutionListener@6bea86da, org.springframework.test.context.transaction.TransactionalTestExecutionListener@e61be1b, org.springframework.test.context.jdbc.SqlScriptsTestExecutionListener@79e01716, org.springframework.security.test.context.support.WithSecurityContextTestExecutionListener@2ceee598, org.springframework.test.context.event.EventPublishingTestExecutionListener@138d6a89, org.springframework.security.test.context.support.ReactorContextTestExecutionListener@109f8f85, org.springframework.boot.test.autoconfigure.restdocs.RestDocsTestExecutionListener@693e7227, org.springframework.boot.test.autoconfigure.web.client.MockRestServiceServerResetTestExecutionListener@32a788bd, org.springframework.boot.test.autoconfigure.web.servlet.MockMvcPrintOnlyOnFailureTestExecutionListener@4a866542, org.springframework.boot.test.autoconfigure.web.servlet.WebDriverTestExecutionListener@26892830, org.springframework.boot.test.autoconfigure.webservices.client.MockWebServiceServerTestExecutionListener@3c3cd98c, org.springframework.boot.test.mock.mockito.ResetMocksTestExecutionListener@32504cd6]
]]></system-out>
  <system-err><![CDATA[]]></system-err>
</testsuite>
