<?xml version="1.0" encoding="UTF-8"?>
<testsuite name="moee.henaknowledge.CreateTeacherControllerTest" tests="1" skipped="0" failures="0" errors="0" timestamp="2021-06-20T12:16:26" hostname="LAPTOP-9TPVAL4B" time="0.004">
  <properties/>
  <testcase name="contextLoads()" classname="moee.henaknowledge.CreateTeacherControllerTest" time="0.004"/>
  <system-out><![CDATA[2021-06-20 14:16:26.414  INFO 17432 --- [    Test worker] .b.t.c.SpringBootTestContextBootstrapper : Neither @ContextConfiguration nor @ContextHierarchy found for test class [moee.henaknowledge.CreateTeacherControllerTest], using SpringBootContextLoader
2021-06-20 14:16:26.415  INFO 17432 --- [    Test worker] o.s.t.c.support.AbstractContextLoader    : Could not detect default resource locations for test class [moee.henaknowledge.CreateTeacherControllerTest]: no resource found for suffixes {-context.xml, Context.groovy}.
2021-06-20 14:16:26.415  INFO 17432 --- [    Test worker] t.c.s.AnnotationConfigContextLoaderUtils : Could not detect default configuration classes for test class [moee.henaknowledge.CreateTeacherControllerTest]: CreateTeacherControllerTest does not declare any static, non-private, non-final, nested classes annotated with @Configuration.
2021-06-20 14:16:26.417  INFO 17432 --- [    Test worker] .b.t.c.SpringBootTestContextBootstrapper : Found @SpringBootConfiguration moee.henaknowledge.HenaknowledgeApplication for test class moee.henaknowledge.CreateTeacherControllerTest
2021-06-20 14:16:26.419  INFO 17432 --- [    Test worker] .b.t.c.SpringBootTestContextBootstrapper : Loaded default TestExecutionListener class names from location [META-INF/spring.factories]: [org.springframework.security.test.context.support.WithSecurityContextTestExecutionListener, org.springframework.security.test.context.support.ReactorContextTestExecutionListener, org.springframework.boot.test.autoconfigure.restdocs.RestDocsTestExecutionListener, org.springframework.boot.test.autoconfigure.web.client.MockRestServiceServerResetTestExecutionListener, org.springframework.boot.test.autoconfigure.web.servlet.MockMvcPrintOnlyOnFailureTestExecutionListener, org.springframework.boot.test.autoconfigure.web.servlet.WebDriverTestExecutionListener, org.springframework.boot.test.autoconfigure.webservices.client.MockWebServiceServerTestExecutionListener, org.springframework.boot.test.mock.mockito.MockitoTestExecutionListener, org.springframework.boot.test.mock.mockito.ResetMocksTestExecutionListener, org.springframework.test.context.web.ServletTestExecutionListener, org.springframework.test.context.support.DirtiesContextBeforeModesTestExecutionListener, org.springframework.test.context.event.ApplicationEventsTestExecutionListener, org.springframework.test.context.support.DependencyInjectionTestExecutionListener, org.springframework.test.context.support.DirtiesContextTestExecutionListener, org.springframework.test.context.transaction.TransactionalTestExecutionListener, org.springframework.test.context.jdbc.SqlScriptsTestExecutionListener, org.springframework.test.context.event.EventPublishingTestExecutionListener]
2021-06-20 14:16:26.420  INFO 17432 --- [    Test worker] .b.t.c.SpringBootTestContextBootstrapper : Using TestExecutionListeners: [org.springframework.test.context.web.ServletTestExecutionListener@58147141, org.springframework.test.context.support.DirtiesContextBeforeModesTestExecutionListener@7db8c33f, org.springframework.test.context.event.ApplicationEventsTestExecutionListener@6aa7c63d, org.springframework.boot.test.mock.mockito.MockitoTestExecutionListener@54a08494, org.springframework.boot.test.autoconfigure.SpringBootDependencyInjectionTestExecutionListener@2fc57938, org.springframework.test.context.support.DirtiesContextTestExecutionListener@145fe6c4, org.springframework.test.context.transaction.TransactionalTestExecutionListener@401d5c5c, org.springframework.test.context.jdbc.SqlScriptsTestExecutionListener@1049e4ef, org.springframework.security.test.context.support.WithSecurityContextTestExecutionListener@14415367, org.springframework.test.context.event.EventPublishingTestExecutionListener@7fc3feed, org.springframework.security.test.context.support.ReactorContextTestExecutionListener@5516a2f5, org.springframework.boot.test.autoconfigure.restdocs.RestDocsTestExecutionListener@a274a24, org.springframework.boot.test.autoconfigure.web.client.MockRestServiceServerResetTestExecutionListener@14e3ea6c, org.springframework.boot.test.autoconfigure.web.servlet.MockMvcPrintOnlyOnFailureTestExecutionListener@74375a8b, org.springframework.boot.test.autoconfigure.web.servlet.WebDriverTestExecutionListener@14565ff2, org.springframework.boot.test.autoconfigure.webservices.client.MockWebServiceServerTestExecutionListener@24904136, org.springframework.boot.test.mock.mockito.ResetMocksTestExecutionListener@2fab6f42]
]]></system-out>
  <system-err><![CDATA[]]></system-err>
</testsuite>
