<?xml version="1.0" encoding="UTF-8"?>
<testsuite name="moee.henaknowledge.module.CommentTest" tests="7" skipped="0" failures="0" errors="0" timestamp="2021-06-20T12:16:32" hostname="LAPTOP-9TPVAL4B" time="0.024">
  <properties/>
  <testcase name="setPersonID()" classname="moee.henaknowledge.module.CommentTest" time="0.003"/>
  <testcase name="getPersonID()" classname="moee.henaknowledge.module.CommentTest" time="0.003"/>
  <testcase name="getCommentID()" classname="moee.henaknowledge.module.CommentTest" time="0.002"/>
  <testcase name="setCommentBody()" classname="moee.henaknowledge.module.CommentTest" time="0.002"/>
  <testcase name="setCommentID()" classname="moee.henaknowledge.module.CommentTest" time="0.003"/>
  <testcase name="getExperienceID()" classname="moee.henaknowledge.module.CommentTest" time="0.003"/>
  <testcase name="getCommentBody()" classname="moee.henaknowledge.module.CommentTest" time="0.004"/>
  <system-out><![CDATA[2021-06-20 14:16:32.908  INFO 17432 --- [    Test worker] .b.t.c.SpringBootTestContextBootstrapper : Neither @ContextConfiguration nor @ContextHierarchy found for test class [moee.henaknowledge.module.CommentTest], using SpringBootContextLoader
2021-06-20 14:16:32.908  INFO 17432 --- [    Test worker] o.s.t.c.support.AbstractContextLoader    : Could not detect default resource locations for test class [moee.henaknowledge.module.CommentTest]: no resource found for suffixes {-context.xml, Context.groovy}.
2021-06-20 14:16:32.909  INFO 17432 --- [    Test worker] t.c.s.AnnotationConfigContextLoaderUtils : Could not detect default configuration classes for test class [moee.henaknowledge.module.CommentTest]: CommentTest does not declare any static, non-private, non-final, nested classes annotated with @Configuration.
2021-06-20 14:16:32.910  INFO 17432 --- [    Test worker] .b.t.c.SpringBootTestContextBootstrapper : Found @SpringBootConfiguration moee.henaknowledge.HenaknowledgeApplication for test class moee.henaknowledge.module.CommentTest
2021-06-20 14:16:32.911  INFO 17432 --- [    Test worker] .b.t.c.SpringBootTestContextBootstrapper : Loaded default TestExecutionListener class names from location [META-INF/spring.factories]: [org.springframework.security.test.context.support.WithSecurityContextTestExecutionListener, org.springframework.security.test.context.support.ReactorContextTestExecutionListener, org.springframework.boot.test.autoconfigure.restdocs.RestDocsTestExecutionListener, org.springframework.boot.test.autoconfigure.web.client.MockRestServiceServerResetTestExecutionListener, org.springframework.boot.test.autoconfigure.web.servlet.MockMvcPrintOnlyOnFailureTestExecutionListener, org.springframework.boot.test.autoconfigure.web.servlet.WebDriverTestExecutionListener, org.springframework.boot.test.autoconfigure.webservices.client.MockWebServiceServerTestExecutionListener, org.springframework.boot.test.mock.mockito.MockitoTestExecutionListener, org.springframework.boot.test.mock.mockito.ResetMocksTestExecutionListener, org.springframework.test.context.web.ServletTestExecutionListener, org.springframework.test.context.support.DirtiesContextBeforeModesTestExecutionListener, org.springframework.test.context.event.ApplicationEventsTestExecutionListener, org.springframework.test.context.support.DependencyInjectionTestExecutionListener, org.springframework.test.context.support.DirtiesContextTestExecutionListener, org.springframework.test.context.transaction.TransactionalTestExecutionListener, org.springframework.test.context.jdbc.SqlScriptsTestExecutionListener, org.springframework.test.context.event.EventPublishingTestExecutionListener]
2021-06-20 14:16:32.912  INFO 17432 --- [    Test worker] .b.t.c.SpringBootTestContextBootstrapper : Using TestExecutionListeners: [org.springframework.test.context.web.ServletTestExecutionListener@61229262, org.springframework.test.context.support.DirtiesContextBeforeModesTestExecutionListener@1ba52c0d, org.springframework.test.context.event.ApplicationEventsTestExecutionListener@eb195da, org.springframework.boot.test.mock.mockito.MockitoTestExecutionListener@6aad13e5, org.springframework.boot.test.autoconfigure.SpringBootDependencyInjectionTestExecutionListener@1fe92d50, org.springframework.test.context.support.DirtiesContextTestExecutionListener@2d9ebfe4, org.springframework.test.context.transaction.TransactionalTestExecutionListener@2f03e0c8, org.springframework.test.context.jdbc.SqlScriptsTestExecutionListener@2d33fcf6, org.springframework.security.test.context.support.WithSecurityContextTestExecutionListener@7b66c7ad, org.springframework.test.context.event.EventPublishingTestExecutionListener@23df36ba, org.springframework.security.test.context.support.ReactorContextTestExecutionListener@136a87a9, org.springframework.boot.test.autoconfigure.restdocs.RestDocsTestExecutionListener@218c1d7e, org.springframework.boot.test.autoconfigure.web.client.MockRestServiceServerResetTestExecutionListener@6c9aed4d, org.springframework.boot.test.autoconfigure.web.servlet.MockMvcPrintOnlyOnFailureTestExecutionListener@36aa6c82, org.springframework.boot.test.autoconfigure.web.servlet.WebDriverTestExecutionListener@71baf231, org.springframework.boot.test.autoconfigure.webservices.client.MockWebServiceServerTestExecutionListener@309c7695, org.springframework.boot.test.mock.mockito.ResetMocksTestExecutionListener@bd7054e]
]]></system-out>
  <system-err><![CDATA[]]></system-err>
</testsuite>
