<?xml version="1.0" encoding="UTF-8"?>
<testsuite name="moee.henaknowledge.dto.StudentDTOTest" tests="13" skipped="0" failures="0" errors="0" timestamp="2021-06-20T12:16:26" hostname="LAPTOP-9TPVAL4B" time="0.055">
  <properties/>
  <testcase name="setPassword()" classname="moee.henaknowledge.dto.StudentDTOTest" time="0.004"/>
  <testcase name="getPassword()" classname="moee.henaknowledge.dto.StudentDTOTest" time="0.004"/>
  <testcase name="setSpecialization()" classname="moee.henaknowledge.dto.StudentDTOTest" time="0.004"/>
  <testcase name="getCode()" classname="moee.henaknowledge.dto.StudentDTOTest" time="0.003"/>
  <testcase name="getRole()" classname="moee.henaknowledge.dto.StudentDTOTest" time="0.004"/>
  <testcase name="getSpecialization()" classname="moee.henaknowledge.dto.StudentDTOTest" time="0.003"/>
  <testcase name="setPoints()" classname="moee.henaknowledge.dto.StudentDTOTest" time="0.003"/>
  <testcase name="getPoints()" classname="moee.henaknowledge.dto.StudentDTOTest" time="0.004"/>
  <testcase name="testHashCode()" classname="moee.henaknowledge.dto.StudentDTOTest" time="0.003"/>
  <testcase name="testEquals()" classname="moee.henaknowledge.dto.StudentDTOTest" time="0.003"/>
  <testcase name="setUsername()" classname="moee.henaknowledge.dto.StudentDTOTest" time="0.003"/>
  <testcase name="getUsername()" classname="moee.henaknowledge.dto.StudentDTOTest" time="0.003"/>
  <testcase name="setCode()" classname="moee.henaknowledge.dto.StudentDTOTest" time="0.003"/>
  <system-out><![CDATA[2021-06-20 14:16:26.492  INFO 17432 --- [    Test worker] .b.t.c.SpringBootTestContextBootstrapper : Neither @ContextConfiguration nor @ContextHierarchy found for test class [moee.henaknowledge.dto.StudentDTOTest], using SpringBootContextLoader
2021-06-20 14:16:26.493  INFO 17432 --- [    Test worker] o.s.t.c.support.AbstractContextLoader    : Could not detect default resource locations for test class [moee.henaknowledge.dto.StudentDTOTest]: no resource found for suffixes {-context.xml, Context.groovy}.
2021-06-20 14:16:26.494  INFO 17432 --- [    Test worker] t.c.s.AnnotationConfigContextLoaderUtils : Could not detect default configuration classes for test class [moee.henaknowledge.dto.StudentDTOTest]: StudentDTOTest does not declare any static, non-private, non-final, nested classes annotated with @Configuration.
2021-06-20 14:16:26.503  INFO 17432 --- [    Test worker] .b.t.c.SpringBootTestContextBootstrapper : Found @SpringBootConfiguration moee.henaknowledge.HenaknowledgeApplication for test class moee.henaknowledge.dto.StudentDTOTest
2021-06-20 14:16:26.504  INFO 17432 --- [    Test worker] .b.t.c.SpringBootTestContextBootstrapper : Loaded default TestExecutionListener class names from location [META-INF/spring.factories]: [org.springframework.security.test.context.support.WithSecurityContextTestExecutionListener, org.springframework.security.test.context.support.ReactorContextTestExecutionListener, org.springframework.boot.test.autoconfigure.restdocs.RestDocsTestExecutionListener, org.springframework.boot.test.autoconfigure.web.client.MockRestServiceServerResetTestExecutionListener, org.springframework.boot.test.autoconfigure.web.servlet.MockMvcPrintOnlyOnFailureTestExecutionListener, org.springframework.boot.test.autoconfigure.web.servlet.WebDriverTestExecutionListener, org.springframework.boot.test.autoconfigure.webservices.client.MockWebServiceServerTestExecutionListener, org.springframework.boot.test.mock.mockito.MockitoTestExecutionListener, org.springframework.boot.test.mock.mockito.ResetMocksTestExecutionListener, org.springframework.test.context.web.ServletTestExecutionListener, org.springframework.test.context.support.DirtiesContextBeforeModesTestExecutionListener, org.springframework.test.context.event.ApplicationEventsTestExecutionListener, org.springframework.test.context.support.DependencyInjectionTestExecutionListener, org.springframework.test.context.support.DirtiesContextTestExecutionListener, org.springframework.test.context.transaction.TransactionalTestExecutionListener, org.springframework.test.context.jdbc.SqlScriptsTestExecutionListener, org.springframework.test.context.event.EventPublishingTestExecutionListener]
2021-06-20 14:16:26.505  INFO 17432 --- [    Test worker] .b.t.c.SpringBootTestContextBootstrapper : Using TestExecutionListeners: [org.springframework.test.context.web.ServletTestExecutionListener@a9d0035, org.springframework.test.context.support.DirtiesContextBeforeModesTestExecutionListener@15fdc1eb, org.springframework.test.context.event.ApplicationEventsTestExecutionListener@6e4f1a52, org.springframework.boot.test.mock.mockito.MockitoTestExecutionListener@7ac4aa2a, org.springframework.boot.test.autoconfigure.SpringBootDependencyInjectionTestExecutionListener@183a81ef, org.springframework.test.context.support.DirtiesContextTestExecutionListener@6333f99a, org.springframework.test.context.transaction.TransactionalTestExecutionListener@7538e224, org.springframework.test.context.jdbc.SqlScriptsTestExecutionListener@2a729353, org.springframework.security.test.context.support.WithSecurityContextTestExecutionListener@660b5a0b, org.springframework.test.context.event.EventPublishingTestExecutionListener@1a088079, org.springframework.security.test.context.support.ReactorContextTestExecutionListener@281378de, org.springframework.boot.test.autoconfigure.restdocs.RestDocsTestExecutionListener@16458e84, org.springframework.boot.test.autoconfigure.web.client.MockRestServiceServerResetTestExecutionListener@2aa25545, org.springframework.boot.test.autoconfigure.web.servlet.MockMvcPrintOnlyOnFailureTestExecutionListener@74771320, org.springframework.boot.test.autoconfigure.web.servlet.WebDriverTestExecutionListener@479150f8, org.springframework.boot.test.autoconfigure.webservices.client.MockWebServiceServerTestExecutionListener@7d9ad720, org.springframework.boot.test.mock.mockito.ResetMocksTestExecutionListener@45aabdab]
]]></system-out>
  <system-err><![CDATA[]]></system-err>
</testsuite>
