<?xml version="1.0" encoding="UTF-8"?>
<testsuite name="moee.henaknowledge.HttpRequestTest" tests="5" skipped="0" failures="0" errors="0" timestamp="2021-06-20T12:16:31" hostname="LAPTOP-9TPVAL4B" time="1.125">
  <properties/>
  <testcase name="TestingStudentControllerConfirmation()" classname="moee.henaknowledge.HttpRequestTest" time="0.748"/>
  <testcase name="TestingAdminControllerConfirmation()" classname="moee.henaknowledge.HttpRequestTest" time="0.104"/>
  <testcase name="TestingAuthentication()" classname="moee.henaknowledge.HttpRequestTest" time="0.094"/>
  <testcase name="TestingGettingJsonWebToken()" classname="moee.henaknowledge.HttpRequestTest" time="0.081"/>
  <testcase name="TestingTeacherControllerConfirmation()" classname="moee.henaknowledge.HttpRequestTest" time="0.095"/>
  <system-out><![CDATA[2021-06-20 14:16:28.462  INFO 17432 --- [    Test worker] .b.t.c.SpringBootTestContextBootstrapper : Neither @ContextConfiguration nor @ContextHierarchy found for test class [moee.henaknowledge.HttpRequestTest], using SpringBootContextLoader
2021-06-20 14:16:28.464  INFO 17432 --- [    Test worker] o.s.t.c.support.AbstractContextLoader    : Could not detect default resource locations for test class [moee.henaknowledge.HttpRequestTest]: no resource found for suffixes {-context.xml, Context.groovy}.
2021-06-20 14:16:28.464  INFO 17432 --- [    Test worker] t.c.s.AnnotationConfigContextLoaderUtils : Could not detect default configuration classes for test class [moee.henaknowledge.HttpRequestTest]: HttpRequestTest does not declare any static, non-private, non-final, nested classes annotated with @Configuration.
2021-06-20 14:16:28.467  INFO 17432 --- [    Test worker] .b.t.c.SpringBootTestContextBootstrapper : Found @SpringBootConfiguration moee.henaknowledge.HenaknowledgeApplication for test class moee.henaknowledge.HttpRequestTest
2021-06-20 14:16:28.468  INFO 17432 --- [    Test worker] .b.t.c.SpringBootTestContextBootstrapper : Loaded default TestExecutionListener class names from location [META-INF/spring.factories]: [org.springframework.security.test.context.support.WithSecurityContextTestExecutionListener, org.springframework.security.test.context.support.ReactorContextTestExecutionListener, org.springframework.boot.test.autoconfigure.restdocs.RestDocsTestExecutionListener, org.springframework.boot.test.autoconfigure.web.client.MockRestServiceServerResetTestExecutionListener, org.springframework.boot.test.autoconfigure.web.servlet.MockMvcPrintOnlyOnFailureTestExecutionListener, org.springframework.boot.test.autoconfigure.web.servlet.WebDriverTestExecutionListener, org.springframework.boot.test.autoconfigure.webservices.client.MockWebServiceServerTestExecutionListener, org.springframework.boot.test.mock.mockito.MockitoTestExecutionListener, org.springframework.boot.test.mock.mockito.ResetMocksTestExecutionListener, org.springframework.test.context.web.ServletTestExecutionListener, org.springframework.test.context.support.DirtiesContextBeforeModesTestExecutionListener, org.springframework.test.context.event.ApplicationEventsTestExecutionListener, org.springframework.test.context.support.DependencyInjectionTestExecutionListener, org.springframework.test.context.support.DirtiesContextTestExecutionListener, org.springframework.test.context.transaction.TransactionalTestExecutionListener, org.springframework.test.context.jdbc.SqlScriptsTestExecutionListener, org.springframework.test.context.event.EventPublishingTestExecutionListener]
2021-06-20 14:16:28.469  INFO 17432 --- [    Test worker] .b.t.c.SpringBootTestContextBootstrapper : Using TestExecutionListeners: [org.springframework.test.context.web.ServletTestExecutionListener@275404ad, org.springframework.test.context.support.DirtiesContextBeforeModesTestExecutionListener@10ea7f08, org.springframework.test.context.event.ApplicationEventsTestExecutionListener@4e75ce1e, org.springframework.boot.test.mock.mockito.MockitoTestExecutionListener@4950679c, org.springframework.boot.test.autoconfigure.SpringBootDependencyInjectionTestExecutionListener@4e267377, org.springframework.test.context.support.DirtiesContextTestExecutionListener@df75784, org.springframework.test.context.transaction.TransactionalTestExecutionListener@6d927d1a, org.springframework.test.context.jdbc.SqlScriptsTestExecutionListener@27348bb3, org.springframework.security.test.context.support.WithSecurityContextTestExecutionListener@5af4f9e9, org.springframework.test.context.event.EventPublishingTestExecutionListener@6d88ce44, org.springframework.security.test.context.support.ReactorContextTestExecutionListener@138c1442, org.springframework.boot.test.autoconfigure.restdocs.RestDocsTestExecutionListener@10666c93, org.springframework.boot.test.autoconfigure.web.client.MockRestServiceServerResetTestExecutionListener@6da0f4c7, org.springframework.boot.test.autoconfigure.web.servlet.MockMvcPrintOnlyOnFailureTestExecutionListener@4671edd9, org.springframework.boot.test.autoconfigure.web.servlet.WebDriverTestExecutionListener@352ccf51, org.springframework.boot.test.autoconfigure.webservices.client.MockWebServiceServerTestExecutionListener@168d3f93, org.springframework.boot.test.mock.mockito.ResetMocksTestExecutionListener@7ce1e749]

  .   ____          _            __ _ _
 /\\ / ___'_ __ _ _(_)_ __  __ _ \ \ \ \
( ( )\___ | '_ | '_| | '_ \/ _` | \ \ \ \
 \\/  ___)| |_)| | | | | || (_| |  ) ) ) )
  '  |____| .__|_| |_|_| |_\__, | / / / /
 =========|_|==============|___/=/_/_/_/
 :: Spring Boot ::                (v2.4.4)

2021-06-20 14:16:28.503  INFO 17432 --- [    Test worker] moee.henaknowledge.HttpRequestTest       : Starting HttpRequestTest using Java 11 on LAPTOP-9TPVAL4B with PID 17432 (started by moham in C:\Users\moham\OneDrive\Desktop\14_06_2021\henaknowledge\backend)
2021-06-20 14:16:28.503  INFO 17432 --- [    Test worker] moee.henaknowledge.HttpRequestTest       : The following profiles are active: prod
2021-06-20 14:16:28.715  INFO 17432 --- [    Test worker] .s.d.r.c.RepositoryConfigurationDelegate : Bootstrapping Spring Data JPA repositories in DEFAULT mode.
2021-06-20 14:16:28.754  INFO 17432 --- [    Test worker] .s.d.r.c.RepositoryConfigurationDelegate : Finished Spring Data repository scanning in 39 ms. Found 8 JPA repository interfaces.
2021-06-20 14:16:28.793  INFO 17432 --- [    Test worker] trationDelegate$BeanPostProcessorChecker : Bean 'persistenceHibernateConfig' of type [moee.henaknowledge.configuration.PersistenceHibernateConfig$$EnhancerBySpringCGLIB$$92ee2d7a] is not eligible for getting processed by all BeanPostProcessors (for example: not eligible for auto-proxying)
2021-06-20 14:16:29.069  INFO 17432 --- [    Test worker] o.s.b.w.embedded.tomcat.TomcatWebServer  : Tomcat initialized with port(s): 0 (http)
2021-06-20 14:16:29.087  INFO 17432 --- [    Test worker] o.apache.catalina.core.StandardService   : Starting service [Tomcat]
2021-06-20 14:16:29.088  INFO 17432 --- [    Test worker] org.apache.catalina.core.StandardEngine  : Starting Servlet engine: [Apache Tomcat/9.0.44]
2021-06-20 14:16:29.231  INFO 17432 --- [    Test worker] o.a.c.c.C.[Tomcat].[localhost].[/]       : Initializing Spring embedded WebApplicationContext
2021-06-20 14:16:29.231  INFO 17432 --- [    Test worker] w.s.c.ServletWebServerApplicationContext : Root WebApplicationContext: initialization completed in 725 ms
2021-06-20 14:16:29.370  INFO 17432 --- [    Test worker] o.hibernate.jpa.internal.util.LogHelper  : HHH000204: Processing PersistenceUnitInfo [name: default]
2021-06-20 14:16:29.717  INFO 17432 --- [    Test worker] org.hibernate.dialect.Dialect            : HHH000400: Using dialect: org.hibernate.dialect.MySQL5InnoDBDialect
2021-06-20 14:16:30.083  INFO 17432 --- [    Test worker] o.h.e.t.j.p.i.JtaPlatformInitiator       : HHH000490: Using JtaPlatform implementation: [org.hibernate.engine.transaction.jta.platform.internal.NoJtaPlatform]
2021-06-20 14:16:30.084  INFO 17432 --- [    Test worker] j.LocalContainerEntityManagerFactoryBean : Initialized JPA EntityManagerFactory for persistence unit 'default'
2021-06-20 14:16:30.377  WARN 17432 --- [    Test worker] JpaBaseConfiguration$JpaWebConfiguration : spring.jpa.open-in-view is enabled by default. Therefore, database queries may be performed during view rendering. Explicitly configure spring.jpa.open-in-view to disable this warning
2021-06-20 14:16:30.788  INFO 17432 --- [    Test worker] o.s.s.web.DefaultSecurityFilterChain     : Will secure Ant [pattern='/**', OPTIONS] with []
2021-06-20 14:16:30.961  INFO 17432 --- [    Test worker] o.s.s.web.DefaultSecurityFilterChain     : Will secure any request with [org.springframework.security.web.context.request.async.WebAsyncManagerIntegrationFilter@555e970d, org.springframework.security.web.context.SecurityContextPersistenceFilter@6a5debd0, org.springframework.security.web.header.HeaderWriterFilter@ba3a757, org.springframework.web.filter.CorsFilter@376a2f7b, org.springframework.security.web.authentication.logout.LogoutFilter@2fe76f58, moee.henaknowledge.Filter.JwtRequestFilter@6d611109, org.springframework.security.web.savedrequest.RequestCacheAwareFilter@6c110b66, org.springframework.security.web.servletapi.SecurityContextHolderAwareRequestFilter@7a1e80ac, org.springframework.security.web.authentication.AnonymousAuthenticationFilter@1ead5f6, org.springframework.security.web.session.SessionManagementFilter@1538a2e2, org.springframework.security.web.access.ExceptionTranslationFilter@25f467ca, org.springframework.security.web.access.intercept.FilterSecurityInterceptor@518cc268]
2021-06-20 14:16:31.712  INFO 17432 --- [    Test worker] o.s.b.w.embedded.tomcat.TomcatWebServer  : Tomcat started on port(s): 49780 (http) with context path ''
2021-06-20 14:16:31.716  INFO 17432 --- [    Test worker] moee.henaknowledge.HttpRequestTest       : Started HttpRequestTest in 3.244 seconds (JVM running for 15.412)
2021-06-20 14:16:32.059  INFO 17432 --- [o-auto-1-exec-1] o.a.c.c.C.[Tomcat].[localhost].[/]       : Initializing Spring DispatcherServlet 'dispatcherServlet'
2021-06-20 14:16:32.059  INFO 17432 --- [o-auto-1-exec-1] o.s.web.servlet.DispatcherServlet        : Initializing Servlet 'dispatcherServlet'
2021-06-20 14:16:32.060  INFO 17432 --- [o-auto-1-exec-1] o.s.web.servlet.DispatcherServlet        : Completed initialization in 1 ms
]]></system-out>
  <system-err><![CDATA[]]></system-err>
</testsuite>
