<?xml version="1.0" encoding="UTF-8"?>
<testsuite name="moee.henaknowledge.module.TeacherTest" tests="14" skipped="0" failures="0" errors="0" timestamp="2021-06-20T12:16:33" hostname="LAPTOP-9TPVAL4B" time="0.055">
  <properties/>
  <testcase name="setPassword()" classname="moee.henaknowledge.module.TeacherTest" time="0.003"/>
  <testcase name="testToString()" classname="moee.henaknowledge.module.TeacherTest" time="0.004"/>
  <testcase name="getPassword()" classname="moee.henaknowledge.module.TeacherTest" time="0.002"/>
  <testcase name="setSpecialization()" classname="moee.henaknowledge.module.TeacherTest" time="0.002"/>
  <testcase name="getCode()" classname="moee.henaknowledge.module.TeacherTest" time="0.003"/>
  <testcase name="getRole()" classname="moee.henaknowledge.module.TeacherTest" time="0.007"/>
  <testcase name="getSpecialization()" classname="moee.henaknowledge.module.TeacherTest" time="0.003"/>
  <testcase name="setPoints()" classname="moee.henaknowledge.module.TeacherTest" time="0.002"/>
  <testcase name="getPoints()" classname="moee.henaknowledge.module.TeacherTest" time="0.003"/>
  <testcase name="testHashCode()" classname="moee.henaknowledge.module.TeacherTest" time="0.003"/>
  <testcase name="testEquals()" classname="moee.henaknowledge.module.TeacherTest" time="0.003"/>
  <testcase name="setUsername()" classname="moee.henaknowledge.module.TeacherTest" time="0.003"/>
  <testcase name="getUsername()" classname="moee.henaknowledge.module.TeacherTest" time="0.003"/>
  <testcase name="setCode()" classname="moee.henaknowledge.module.TeacherTest" time="0.004"/>
  <system-out><![CDATA[2021-06-20 14:16:33.210  INFO 17432 --- [    Test worker] .b.t.c.SpringBootTestContextBootstrapper : Neither @ContextConfiguration nor @ContextHierarchy found for test class [moee.henaknowledge.module.TeacherTest], using SpringBootContextLoader
2021-06-20 14:16:33.211  INFO 17432 --- [    Test worker] o.s.t.c.support.AbstractContextLoader    : Could not detect default resource locations for test class [moee.henaknowledge.module.TeacherTest]: no resource found for suffixes {-context.xml, Context.groovy}.
2021-06-20 14:16:33.211  INFO 17432 --- [    Test worker] t.c.s.AnnotationConfigContextLoaderUtils : Could not detect default configuration classes for test class [moee.henaknowledge.module.TeacherTest]: TeacherTest does not declare any static, non-private, non-final, nested classes annotated with @Configuration.
2021-06-20 14:16:33.215  INFO 17432 --- [    Test worker] .b.t.c.SpringBootTestContextBootstrapper : Found @SpringBootConfiguration moee.henaknowledge.HenaknowledgeApplication for test class moee.henaknowledge.module.TeacherTest
2021-06-20 14:16:33.217  INFO 17432 --- [    Test worker] .b.t.c.SpringBootTestContextBootstrapper : Loaded default TestExecutionListener class names from location [META-INF/spring.factories]: [org.springframework.security.test.context.support.WithSecurityContextTestExecutionListener, org.springframework.security.test.context.support.ReactorContextTestExecutionListener, org.springframework.boot.test.autoconfigure.restdocs.RestDocsTestExecutionListener, org.springframework.boot.test.autoconfigure.web.client.MockRestServiceServerResetTestExecutionListener, org.springframework.boot.test.autoconfigure.web.servlet.MockMvcPrintOnlyOnFailureTestExecutionListener, org.springframework.boot.test.autoconfigure.web.servlet.WebDriverTestExecutionListener, org.springframework.boot.test.autoconfigure.webservices.client.MockWebServiceServerTestExecutionListener, org.springframework.boot.test.mock.mockito.MockitoTestExecutionListener, org.springframework.boot.test.mock.mockito.ResetMocksTestExecutionListener, org.springframework.test.context.web.ServletTestExecutionListener, org.springframework.test.context.support.DirtiesContextBeforeModesTestExecutionListener, org.springframework.test.context.event.ApplicationEventsTestExecutionListener, org.springframework.test.context.support.DependencyInjectionTestExecutionListener, org.springframework.test.context.support.DirtiesContextTestExecutionListener, org.springframework.test.context.transaction.TransactionalTestExecutionListener, org.springframework.test.context.jdbc.SqlScriptsTestExecutionListener, org.springframework.test.context.event.EventPublishingTestExecutionListener]
2021-06-20 14:16:33.220  INFO 17432 --- [    Test worker] .b.t.c.SpringBootTestContextBootstrapper : Using TestExecutionListeners: [org.springframework.test.context.web.ServletTestExecutionListener@6d91dec8, org.springframework.test.context.support.DirtiesContextBeforeModesTestExecutionListener@41a2ac66, org.springframework.test.context.event.ApplicationEventsTestExecutionListener@57193bf7, org.springframework.boot.test.mock.mockito.MockitoTestExecutionListener@71f35630, org.springframework.boot.test.autoconfigure.SpringBootDependencyInjectionTestExecutionListener@12f7b158, org.springframework.test.context.support.DirtiesContextTestExecutionListener@46e2fefc, org.springframework.test.context.transaction.TransactionalTestExecutionListener@58bab354, org.springframework.test.context.jdbc.SqlScriptsTestExecutionListener@33933ca5, org.springframework.security.test.context.support.WithSecurityContextTestExecutionListener@1cc126fe, org.springframework.test.context.event.EventPublishingTestExecutionListener@4d853e84, org.springframework.security.test.context.support.ReactorContextTestExecutionListener@40a81473, org.springframework.boot.test.autoconfigure.restdocs.RestDocsTestExecutionListener@6af46ed7, org.springframework.boot.test.autoconfigure.web.client.MockRestServiceServerResetTestExecutionListener@7f9753a1, org.springframework.boot.test.autoconfigure.web.servlet.MockMvcPrintOnlyOnFailureTestExecutionListener@1b0233c9, org.springframework.boot.test.autoconfigure.web.servlet.WebDriverTestExecutionListener@1b89a756, org.springframework.boot.test.autoconfigure.webservices.client.MockWebServiceServerTestExecutionListener@5242f026, org.springframework.boot.test.mock.mockito.ResetMocksTestExecutionListener@178dab94]
]]></system-out>
  <system-err><![CDATA[]]></system-err>
</testsuite>
