<?xml version="1.0" encoding="UTF-8"?>
<testsuite name="moee.henaknowledge.dto.AdminDTOTest" tests="8" skipped="0" failures="0" errors="0" timestamp="2021-06-20T12:16:26" hostname="LAPTOP-9TPVAL4B" time="0.045">
  <properties/>
  <testcase name="getPersonID()" classname="moee.henaknowledge.dto.AdminDTOTest" time="0.007"/>
  <testcase name="setPassword()" classname="moee.henaknowledge.dto.AdminDTOTest" time="0.006"/>
  <testcase name="getPassword()" classname="moee.henaknowledge.dto.AdminDTOTest" time="0.004"/>
  <testcase name="getRole()" classname="moee.henaknowledge.dto.AdminDTOTest" time="0.004"/>
  <testcase name="testHashCode()" classname="moee.henaknowledge.dto.AdminDTOTest" time="0.005"/>
  <testcase name="testEquals()" classname="moee.henaknowledge.dto.AdminDTOTest" time="0.005"/>
  <testcase name="setUsername()" classname="moee.henaknowledge.dto.AdminDTOTest" time="0.003"/>
  <testcase name="getUsername()" classname="moee.henaknowledge.dto.AdminDTOTest" time="0.004"/>
  <system-out><![CDATA[2021-06-20 14:16:26.428  INFO 17432 --- [    Test worker] .b.t.c.SpringBootTestContextBootstrapper : Neither @ContextConfiguration nor @ContextHierarchy found for test class [moee.henaknowledge.dto.AdminDTOTest], using SpringBootContextLoader
2021-06-20 14:16:26.429  INFO 17432 --- [    Test worker] o.s.t.c.support.AbstractContextLoader    : Could not detect default resource locations for test class [moee.henaknowledge.dto.AdminDTOTest]: no resource found for suffixes {-context.xml, Context.groovy}.
2021-06-20 14:16:26.429  INFO 17432 --- [    Test worker] t.c.s.AnnotationConfigContextLoaderUtils : Could not detect default configuration classes for test class [moee.henaknowledge.dto.AdminDTOTest]: AdminDTOTest does not declare any static, non-private, non-final, nested classes annotated with @Configuration.
2021-06-20 14:16:26.439  INFO 17432 --- [    Test worker] .b.t.c.SpringBootTestContextBootstrapper : Found @SpringBootConfiguration moee.henaknowledge.HenaknowledgeApplication for test class moee.henaknowledge.dto.AdminDTOTest
2021-06-20 14:16:26.441  INFO 17432 --- [    Test worker] .b.t.c.SpringBootTestContextBootstrapper : Loaded default TestExecutionListener class names from location [META-INF/spring.factories]: [org.springframework.security.test.context.support.WithSecurityContextTestExecutionListener, org.springframework.security.test.context.support.ReactorContextTestExecutionListener, org.springframework.boot.test.autoconfigure.restdocs.RestDocsTestExecutionListener, org.springframework.boot.test.autoconfigure.web.client.MockRestServiceServerResetTestExecutionListener, org.springframework.boot.test.autoconfigure.web.servlet.MockMvcPrintOnlyOnFailureTestExecutionListener, org.springframework.boot.test.autoconfigure.web.servlet.WebDriverTestExecutionListener, org.springframework.boot.test.autoconfigure.webservices.client.MockWebServiceServerTestExecutionListener, org.springframework.boot.test.mock.mockito.MockitoTestExecutionListener, org.springframework.boot.test.mock.mockito.ResetMocksTestExecutionListener, org.springframework.test.context.web.ServletTestExecutionListener, org.springframework.test.context.support.DirtiesContextBeforeModesTestExecutionListener, org.springframework.test.context.event.ApplicationEventsTestExecutionListener, org.springframework.test.context.support.DependencyInjectionTestExecutionListener, org.springframework.test.context.support.DirtiesContextTestExecutionListener, org.springframework.test.context.transaction.TransactionalTestExecutionListener, org.springframework.test.context.jdbc.SqlScriptsTestExecutionListener, org.springframework.test.context.event.EventPublishingTestExecutionListener]
2021-06-20 14:16:26.442  INFO 17432 --- [    Test worker] .b.t.c.SpringBootTestContextBootstrapper : Using TestExecutionListeners: [org.springframework.test.context.web.ServletTestExecutionListener@117d316c, org.springframework.test.context.support.DirtiesContextBeforeModesTestExecutionListener@1d47c877, org.springframework.test.context.event.ApplicationEventsTestExecutionListener@5ab48b9b, org.springframework.boot.test.mock.mockito.MockitoTestExecutionListener@10543049, org.springframework.boot.test.autoconfigure.SpringBootDependencyInjectionTestExecutionListener@68da957e, org.springframework.test.context.support.DirtiesContextTestExecutionListener@4b7dec62, org.springframework.test.context.transaction.TransactionalTestExecutionListener@35eb4ec5, org.springframework.test.context.jdbc.SqlScriptsTestExecutionListener@48cf649, org.springframework.security.test.context.support.WithSecurityContextTestExecutionListener@3841e2c3, org.springframework.test.context.event.EventPublishingTestExecutionListener@1c7b1755, org.springframework.security.test.context.support.ReactorContextTestExecutionListener@7309ff79, org.springframework.boot.test.autoconfigure.restdocs.RestDocsTestExecutionListener@105471ef, org.springframework.boot.test.autoconfigure.web.client.MockRestServiceServerResetTestExecutionListener@27b4dedc, org.springframework.boot.test.autoconfigure.web.servlet.MockMvcPrintOnlyOnFailureTestExecutionListener@6331b4c0, org.springframework.boot.test.autoconfigure.web.servlet.WebDriverTestExecutionListener@5fff6de8, org.springframework.boot.test.autoconfigure.webservices.client.MockWebServiceServerTestExecutionListener@6c97a4f1, org.springframework.boot.test.mock.mockito.ResetMocksTestExecutionListener@6dd4d581]
]]></system-out>
  <system-err><![CDATA[]]></system-err>
</testsuite>
